(0.000) 
            SELECT name, type FROM sqlite_master
            WHERE type in ('table', 'view') AND NOT name='sqlite_sequence'
            ORDER BY name; args=None; alias=default
(0.000) SELECT "django_migrations"."id", "django_migrations"."app", "django_migrations"."name", "django_migrations"."applied" FROM "django_migrations"; args=(); alias=default
(0.000) 
            SELECT name, type FROM sqlite_master
            WHERE type in ('table', 'view') AND NOT name='sqlite_sequence'
            ORDER BY name; args=None; alias=default
(0.000) SELECT "django_migrations"."id", "django_migrations"."app", "django_migrations"."name", "django_migrations"."applied" FROM "django_migrations"; args=(); alias=default
(0.000) 
            SELECT name, type FROM sqlite_master
            WHERE type in ('table', 'view') AND NOT name='sqlite_sequence'
            ORDER BY name; args=None; alias=default
(0.000) SELECT "django_migrations"."id", "django_migrations"."app", "django_migrations"."name", "django_migrations"."applied" FROM "django_migrations"; args=(); alias=default
(0.000) 
            SELECT name, type FROM sqlite_master
            WHERE type in ('table', 'view') AND NOT name='sqlite_sequence'
            ORDER BY name; args=None; alias=default
(0.000) PRAGMA foreign_keys = OFF; args=None; alias=default
(0.000) PRAGMA foreign_keys; args=None; alias=default
(0.000) BEGIN; args=None; alias=default
CREATE TABLE "core_chat" ("id" integer NOT NULL PRIMARY KEY AUTOINCREMENT, "created_at" datetime NOT NULL, "user1_id" bigint NOT NULL REFERENCES "core_user" ("id") DEFERRABLE INITIALLY DEFERRED, "user2_id" bigint NOT NULL REFERENCES "core_user" ("id") DEFERRABLE INITIALLY DEFERRED); (params None)
(0.000) CREATE TABLE "core_chat" ("id" integer NOT NULL PRIMARY KEY AUTOINCREMENT, "created_at" datetime NOT NULL, "user1_id" bigint NOT NULL REFERENCES "core_user" ("id") DEFERRABLE INITIALLY DEFERRED, "user2_id" bigint NOT NULL REFERENCES "core_user" ("id") DEFERRABLE INITIALLY DEFERRED); args=None; alias=default
(0.000) PRAGMA foreign_key_check; args=None; alias=default
(0.000) ROLLBACK; args=None; alias=default
(0.000) PRAGMA foreign_keys = ON; args=None; alias=default
Watching for file changes with StatReloader
Waiting for apps ready_event.
Apps ready_event triggered. Sending autoreload_started signal.
Watching dir C:\Users\islam\PycharmProjects\bannedgram_islam\banned_gram\core\templates with glob **/*.
Watching dir C:\Users\islam\PycharmProjects\bannedgram_islam\banned_gram\locale with glob **/*.mo.
Watching dir C:\Users\islam\PycharmProjects\bannedgram_islam\banned_gram\core\locale with glob **/*.mo.
(0.016) 
            SELECT name, type FROM sqlite_master
            WHERE type in ('table', 'view') AND NOT name='sqlite_sequence'
            ORDER BY name; args=None; alias=default
(0.000) SELECT "django_migrations"."id", "django_migrations"."app", "django_migrations"."name", "django_migrations"."applied" FROM "django_migrations"; args=(); alias=default
File C:\Users\islam\AppData\Local\Programs\Python\Python312\Lib\site-packages\django\utils\inspect.py first seen with mtime 1743408229.1805625
File C:\Users\islam\AppData\Local\Programs\Python\Python312\Lib\_weakrefset.py first seen with mtime 1712663418.0
File C:\Users\islam\AppData\Local\Programs\Python\Python312\Lib\site-packages\django\core\mail\message.py first seen with mtime 1743408228.6845267
File C:\Users\islam\AppData\Local\Programs\Python\Python312\DLLs\_overlapped.pyd first seen with mtime 1712663462.0
File C:\Users\islam\AppData\Local\Programs\Python\Python312\Lib\site-packages\django\contrib\sessions\base_session.py first seen with mtime 1743408227.8044608
File C:\Users\islam\AppData\Local\Programs\Python\Python312\Lib\site-packages\django\forms\renderers.py first seen with mtime 1743408228.9475453
File C:\Users\islam\AppData\Local\Programs\Python\Python312\Lib\site-packages\django\core\management\base.py first seen with mtime 1743408228.69853
File C:\Users\islam\AppData\Local\Programs\Python\Python312\Lib\site-packages\django\contrib\sessions\exceptions.py first seen with mtime 1743408227.8064623
File C:\Users\islam\AppData\Local\Programs\Python\Python312\Lib\site-packages\django\utils\encoding.py first seen with mtime 1743408229.1715617
File C:\Users\islam\PycharmProjects\bannedgram_islam\banned_gram\manage.py first seen with mtime 1744655453.4295166
File C:\Users\islam\AppData\Local\Programs\Python\Python312\Lib\site-packages\django\template\utils.py first seen with mtime 1743408229.1035566
File C:\Users\islam\AppData\Local\Programs\Python\Python312\Lib\site-packages\django\db\migrations\operations\models.py first seen with mtime 1743408228.87154
File C:\Users\islam\AppData\Local\Programs\Python\Python312\Lib\site-packages\django\core\servers\basehttp.py first seen with mtime 1743408228.7495313
File C:\Users\islam\AppData\Local\Programs\Python\Python312\Lib\site-packages\django\views\decorators\http.py first seen with mtime 1743408229.2285647
File C:\Users\islam\AppData\Local\Programs\Python\Python312\Lib\site-packages\django\core\management\color.py first seen with mtime 1743408228.6995351
File C:\Users\islam\AppData\Local\Programs\Python\Python312\Lib\asyncio\threads.py first seen with mtime 1712663418.0
File C:\Users\islam\AppData\Local\Programs\Python\Python312\Lib\site-packages\django\core\handlers\asgi.py first seen with mtime 1743408228.6775272
File C:\Users\islam\AppData\Local\Programs\Python\Python312\Lib\site-packages\django\templatetags\tz.py first seen with mtime 1743408229.1285577
File C:\Users\islam\AppData\Local\Programs\Python\Python312\Lib\site-packages\django\db\models\sql\datastructures.py first seen with mtime 1743408228.9285445
File C:\Users\islam\AppData\Local\Programs\Python\Python312\Lib\site-packages\sqlparse\formatter.py first seen with mtime 1743408218.6799066
File C:\Users\islam\AppData\Local\Programs\Python\Python312\Lib\enum.py first seen with mtime 1712663418.0
File C:\Users\islam\AppData\Local\Programs\Python\Python312\Lib\site-packages\django\contrib\admin\utils.py first seen with mtime 1743408222.2611632
File C:\Users\islam\AppData\Local\Programs\Python\Python312\Lib\asyncio\proactor_events.py first seen with mtime 1712663418.0
File C:\Users\islam\AppData\Local\Programs\Python\Python312\Lib\email\__init__.py first seen with mtime 1712663418.0
File C:\Users\islam\AppData\Local\Programs\Python\Python312\Lib\email\charset.py first seen with mtime 1712663418.0
File C:\Users\islam\AppData\Local\Programs\Python\Python312\Lib\site-packages\django\utils\asyncio.py first seen with mtime 1743408229.1535604
File C:\Users\islam\AppData\Local\Programs\Python\Python312\Lib\site-packages\django\db\backends\base\creation.py first seen with mtime 1743408228.7715337
File C:\Users\islam\AppData\Local\Programs\Python\Python312\Lib\site-packages\django\views\generic\__init__.py first seen with mtime 1743408229.232568
File C:\Users\islam\AppData\Local\Programs\Python\Python312\Lib\encodings\utf_8.py first seen with mtime 1712663418.0
File C:\Users\islam\AppData\Local\Programs\Python\Python312\Lib\http\client.py first seen with mtime 1712663418.0
File C:\Users\islam\AppData\Local\Programs\Python\Python312\Lib\site-packages\django\db\backends\sqlite3\schema.py first seen with mtime 1743408228.8465376
File C:\Users\islam\AppData\Local\Programs\Python\Python312\Lib\asyncio\base_futures.py first seen with mtime 1712663418.0
File C:\Users\islam\PycharmProjects\bannedgram_islam\banned_gram\core\urls.py first seen with mtime 1744655453.9509618
File C:\Users\islam\AppData\Local\Programs\Python\Python312\Lib\multiprocessing\__init__.py first seen with mtime 1712663418.0
File C:\Users\islam\AppData\Local\Programs\Python\Python312\Lib\site-packages\django\db\models\constraints.py first seen with mtime 1743408228.8795404
File C:\Users\islam\AppData\Local\Programs\Python\Python312\Lib\shutil.py first seen with mtime 1712663418.0
File C:\Users\islam\AppData\Local\Programs\Python\Python312\Lib\site-packages\django\db\backends\sqlite3\features.py first seen with mtime 1743408228.8425379
File C:\Users\islam\AppData\Local\Programs\Python\Python312\Lib\re\__init__.py first seen with mtime 1712663418.0
File C:\Users\islam\AppData\Local\Programs\Python\Python312\Lib\site-packages\django\core\cache\backends\base.py first seen with mtime 1743408228.6255262
File C:\Users\islam\AppData\Local\Programs\Python\Python312\Lib\ctypes\__init__.py first seen with mtime 1712663418.0
File C:\Users\islam\AppData\Local\Programs\Python\Python312\Lib\site-packages\asgiref\__init__.py first seen with mtime 1743408220.271016
File C:\Users\islam\AppData\Local\Programs\Python\Python312\Lib\site-packages\django\utils\safestring.py first seen with mtime 1743408229.1935637
File C:\Users\islam\AppData\Local\Programs\Python\Python312\Lib\site-packages\django\core\serializers\__init__.py first seen with mtime 1743408228.7395306
File C:\Users\islam\AppData\Local\Programs\Python\Python312\Lib\site-packages\django\core\files\uploadedfile.py first seen with mtime 1743408228.6645255
File C:\Users\islam\AppData\Local\Programs\Python\Python312\Lib\site-packages\django\db\models\constants.py first seen with mtime 1743408228.8775396
File C:\Users\islam\AppData\Local\Programs\Python\Python312\Lib\site-packages\django\db\models\functions\text.py first seen with mtime 1743408228.9215438
File C:\Users\islam\AppData\Local\Programs\Python\Python312\Lib\site-packages\django\contrib\auth\password_validation.py first seen with mtime 1743408224.313315
File C:\Users\islam\AppData\Local\Programs\Python\Python312\Lib\site-packages\django\contrib\sites\requests.py first seen with mtime 1743408228.2044895
File C:\Users\islam\AppData\Local\Programs\Python\Python312\Lib\site-packages\sqlparse\filters\aligned_indent.py first seen with mtime 1743408218.6949081
File C:\Users\islam\AppData\Local\Programs\Python\Python312\Lib\nturl2path.py first seen with mtime 1712663418.0
File C:\Users\islam\AppData\Local\Programs\Python\Python312\Lib\site-packages\django\utils\version.py first seen with mtime 1743408229.2015648
File C:\Users\islam\AppData\Local\Programs\Python\Python312\Lib\site-packages\django\contrib\messages\__init__.py first seen with mtime 1743408227.07652
File C:\Users\islam\AppData\Local\Programs\Python\Python312\Lib\logging\config.py first seen with mtime 1712663418.0
File C:\Users\islam\AppData\Local\Programs\Python\Python312\Lib\site-packages\django\core\handlers\wsgi.py first seen with mtime 1743408228.6805308
File C:\Users\islam\AppData\Local\Programs\Python\Python312\Lib\site-packages\django\db\models\enums.py first seen with mtime 1743408228.8815434
File C:\Users\islam\AppData\Local\Programs\Python\Python312\Lib\wsgiref\handlers.py first seen with mtime 1712663418.0
File C:\Users\islam\AppData\Local\Programs\Python\Python312\Lib\socket.py first seen with mtime 1712663418.0
File C:\Users\islam\PycharmProjects\bannedgram_islam\banned_gram\core\admin.py first seen with mtime 1744655453.7309446
File C:\Users\islam\AppData\Local\Programs\Python\Python312\Lib\site-packages\django\db\models\fields\reverse_related.py first seen with mtime 1743408228.911541
File C:\Users\islam\AppData\Local\Programs\Python\Python312\Lib\site-packages\django\template\__init__.py first seen with mtime 1743408229.0855553
File C:\Users\islam\AppData\Local\Programs\Python\Python312\Lib\site-packages\django\middleware\__init__.py first seen with mtime 1743408229.0735548
File C:\Users\islam\AppData\Local\Programs\Python\Python312\Lib\multiprocessing\context.py first seen with mtime 1712663418.0
File C:\Users\islam\AppData\Local\Programs\Python\Python312\Lib\http\__init__.py first seen with mtime 1712663418.0
File C:\Users\islam\AppData\Local\Programs\Python\Python312\Lib\site-packages\django\contrib\sessions\backends\__init__.py first seen with mtime 1743408227.8114605
File C:\Users\islam\AppData\Local\Programs\Python\Python312\Lib\site-packages\django\http\cookie.py first seen with mtime 1743408229.0685601
File C:\Users\islam\AppData\Local\Programs\Python\Python312\Lib\urllib\__init__.py first seen with mtime 1712663418.0
File C:\Users\islam\AppData\Local\Programs\Python\Python312\Lib\site-packages\sqlparse\filters\right_margin.py first seen with mtime 1743408218.6999
File C:\Users\islam\AppData\Local\Programs\Python\Python312\Lib\site-packages\sqlparse\exceptions.py first seen with mtime 1743408218.6779072
File C:\Users\islam\AppData\Local\Programs\Python\Python312\Lib\site-packages\django\contrib\admin\filters.py first seen with mtime 1743408222.2451632
File C:\Users\islam\AppData\Local\Programs\Python\Python312\Lib\site-packages\django\db\models\sql\constants.py first seen with mtime 1743408228.9275439
File C:\Users\islam\AppData\Local\Programs\Python\Python312\Lib\site-packages\django\contrib\auth\backends.py first seen with mtime 1743408224.2963154
File C:\Users\islam\AppData\Local\Programs\Python\Python312\Lib\site-packages\django\contrib\admin\sites.py first seen with mtime 1743408222.2571635
File C:\Users\islam\AppData\Local\Programs\Python\Python312\DLLs\_ctypes.pyd first seen with mtime 1712663462.0
File C:\Users\islam\AppData\Local\Programs\Python\Python312\Lib\site-packages\django\template\smartif.py first seen with mtime 1743408229.102558
File C:\Users\islam\AppData\Local\Programs\Python\Python312\Lib\site-packages\django\views\generic\list.py first seen with mtime 1743408229.2395666
File C:\Users\islam\AppData\Local\Programs\Python\Python312\Lib\site-packages\django\core\servers\__init__.py first seen with mtime 1743408228.7485301
File C:\Users\islam\AppData\Local\Programs\Python\Python312\Lib\site-packages\django\db\models\functions\__init__.py first seen with mtime 1743408228.9135432
File C:\Users\islam\AppData\Local\Programs\Python\Python312\Lib\email\_policybase.py first seen with mtime 1712663418.0
File C:\Users\islam\AppData\Local\Programs\Python\Python312\Lib\site-packages\sqlparse\filters\reindent.py first seen with mtime 1743408218.6979
File C:\Users\islam\AppData\Local\Programs\Python\Python312\Lib\email\quoprimime.py first seen with mtime 1712663418.0
File C:\Users\islam\AppData\Local\Programs\Python\Python312\Lib\site-packages\django\contrib\auth\signals.py first seen with mtime 1743408224.3143156
File C:\Users\islam\AppData\Local\Programs\Python\Python312\Lib\site-packages\django\core\checks\files.py first seen with mtime 1743408228.6405232
File C:\Users\islam\AppData\Local\Programs\Python\Python312\Lib\site-packages\django\contrib\auth\decorators.py first seen with mtime 1743408224.304315
File C:\Users\islam\AppData\Local\Programs\Python\Python312\Lib\site-packages\django\contrib\admin\templatetags\admin_modify.py first seen with mtime 1743408223.8212786
File C:\Users\islam\AppData\Local\Programs\Python\Python312\Lib\threading.py first seen with mtime 1712663418.0
File C:\Users\islam\AppData\Local\Programs\Python\Python312\Lib\site-packages\django\views\decorators\__init__.py first seen with mtime 1743408229.2185652
File C:\Users\islam\AppData\Local\Programs\Python\Python312\Lib\site-packages\django\db\models\functions\mixins.py first seen with mtime 1743408228.9205432
File C:\Users\islam\AppData\Local\Programs\Python\Python312\Lib\ipaddress.py first seen with mtime 1712663418.0
File C:\Users\islam\AppData\Local\Programs\Python\Python312\Lib\asyncio\staggered.py first seen with mtime 1712663418.0
File C:\Users\islam\AppData\Local\Programs\Python\Python312\DLLs\_bz2.pyd first seen with mtime 1712663462.0
File C:\Users\islam\AppData\Local\Programs\Python\Python312\Lib\site-packages\django\contrib\messages\api.py first seen with mtime 1743408227.0775206
File C:\Users\islam\AppData\Local\Programs\Python\Python312\Lib\site-packages\django\db\models\query_utils.py first seen with mtime 1743408228.893543
File C:\Users\islam\AppData\Local\Programs\Python\Python312\Lib\site-packages\sqlparse\filters\tokens.py first seen with mtime 1743408218.7008998
File C:\Users\islam\AppData\Local\Programs\Python\Python312\Lib\site-packages\django\db\models\manager.py first seen with mtime 1743408228.888541
File C:\Users\islam\AppData\Local\Programs\Python\Python312\Lib\site-packages\django\contrib\contenttypes\models.py first seen with mtime 1743408224.8333533
File C:\Users\islam\AppData\Local\Programs\Python\Python312\Lib\site-packages\django\template\engine.py first seen with mtime 1743408229.094557
File C:\Users\islam\AppData\Local\Programs\Python\Python312\Lib\site-packages\django\utils\translation\__init__.py first seen with mtime 1743408229.204564
File C:\Users\islam\AppData\Local\Programs\Python\Python312\Lib\site-packages\django\utils\deconstruct.py first seen with mtime 1743408229.166562
File C:\Users\islam\AppData\Local\Programs\Python\Python312\Lib\pkgutil.py first seen with mtime 1712663418.0
File C:\Users\islam\AppData\Local\Programs\Python\Python312\Lib\site-packages\sqlparse\engine\statement_splitter.py first seen with mtime 1743408218.691898
File C:\Users\islam\AppData\Local\Programs\Python\Python312\Lib\site-packages\django\core\files\images.py first seen with mtime 1743408228.6595242
File C:\Users\islam\AppData\Local\Programs\Python\Python312\DLLs\unicodedata.pyd first seen with mtime 1712663462.0
File C:\Users\islam\AppData\Local\Programs\Python\Python312\Lib\site-packages\django\contrib\contenttypes\admin.py first seen with mtime 1743408224.823352
File C:\Users\islam\AppData\Local\Programs\Python\Python312\Lib\site-packages\django\core\serializers\json.py first seen with mtime 1743408228.7415297
File C:\Users\islam\AppData\Local\Programs\Python\Python312\Lib\site-packages\django\db\models\fields\related_lookups.py first seen with mtime 1743408228.9105427
File C:\Users\islam\AppData\Local\Programs\Python\Python312\Lib\site-packages\django\templatetags\l10n.py first seen with mtime 1743408229.1255608
File C:\Users\islam\AppData\Local\Programs\Python\Python312\Lib\site-packages\django\utils\cache.py first seen with mtime 1743408229.1565607
File C:\Users\islam\AppData\Local\Programs\Python\Python312\Lib\warnings.py first seen with mtime 1712663418.0
File C:\Users\islam\AppData\Local\Programs\Python\Python312\Lib\site-packages\django\template\loaders\filesystem.py first seen with mtime 1743408229.1185584
File C:\Users\islam\AppData\Local\Programs\Python\Python312\Lib\site-packages\django\contrib\auth\management\__init__.py first seen with mtime 1743408224.7803502
File C:\Users\islam\AppData\Local\Programs\Python\Python312\Lib\site-packages\django\db\utils.py first seen with mtime 1743408228.754531
File C:\Users\islam\AppData\Local\Programs\Python\Python312\Lib\site-packages\django\contrib\admin\templatetags\admin_urls.py first seen with mtime 1743408223.8232787
File C:\Users\islam\AppData\Local\Programs\Python\Python312\Lib\site-packages\django\utils\dateparse.py first seen with mtime 1743408229.164562
File C:\Users\islam\AppData\Local\Programs\Python\Python312\Lib\site-packages\django\utils\formats.py first seen with mtime 1743408229.1745625
File C:\Users\islam\AppData\Local\Programs\Python\Python312\Lib\site-packages\django\contrib\messages\storage\__init__.py first seen with mtime 1743408227.091521
File C:\Users\islam\AppData\Local\Programs\Python\Python312\Lib\email\utils.py first seen with mtime 1712663418.0
File C:\Users\islam\AppData\Local\Programs\Python\Python312\Lib\site-packages\django\db\backends\base\__init__.py first seen with mtime 1743408228.7645326
File C:\Users\islam\AppData\Local\Programs\Python\Python312\Lib\copy.py first seen with mtime 1712663418.0
File C:\Users\islam\AppData\Local\Programs\Python\Python312\Lib\site-packages\django\views\__init__.py first seen with mtime 1743408229.2115653
File C:\Users\islam\AppData\Local\Programs\Python\Python312\Lib\site-packages\django\contrib\sessions\models.py first seen with mtime 1743408227.8084607
File C:\Users\islam\AppData\Local\Programs\Python\Python312\Lib\concurrent\futures\thread.py first seen with mtime 1712663418.0
File C:\Users\islam\AppData\Local\Programs\Python\Python312\Lib\importlib\__init__.py first seen with mtime 1712663418.0
File C:\Users\islam\AppData\Local\Programs\Python\Python312\Lib\weakref.py first seen with mtime 1712663418.0
File C:\Users\islam\AppData\Local\Programs\Python\Python312\Lib\site-packages\django\contrib\auth\models.py first seen with mtime 1743408224.3113158
File C:\Users\islam\AppData\Local\Programs\Python\Python312\Lib\site-packages\django\contrib\auth\validators.py first seen with mtime 1743408224.3183184
File C:\Users\islam\AppData\Local\Programs\Python\Python312\Lib\site-packages\django\db\migrations\operations\__init__.py first seen with mtime 1743408228.8665423
File C:\Users\islam\AppData\Local\Programs\Python\Python312\Lib\site-packages\django\db\models\utils.py first seen with mtime 1743408228.8965414
File C:\Users\islam\AppData\Local\Programs\Python\Python312\Lib\site-packages\django\dispatch\__init__.py first seen with mtime 1743408228.935544
File C:\Users\islam\AppData\Local\Programs\Python\Python312\Lib\html\__init__.py first seen with mtime 1712663418.0
File C:\Users\islam\AppData\Local\Programs\Python\Python312\Lib\site-packages\django\utils\ipv6.py first seen with mtime 1743408229.181563
File C:\Users\islam\AppData\Local\Programs\Python\Python312\Lib\site-packages\django\contrib\sessions\backends\base.py first seen with mtime 1743408227.812464
File C:\Users\islam\AppData\Local\Programs\Python\Python312\Lib\site-packages\django\http\response.py first seen with mtime 1743408229.0725577
File C:\Users\islam\AppData\Local\Programs\Python\Python312\Lib\ctypes\wintypes.py first seen with mtime 1712663418.0
File C:\Users\islam\AppData\Local\Programs\Python\Python312\Lib\site-packages\django\apps\__init__.py first seen with mtime 1743408221.1460812
File C:\Users\islam\AppData\Local\Programs\Python\Python312\Lib\site-packages\django\conf\locale\__init__.py first seen with mtime 1743408221.1770847
File C:\Users\islam\AppData\Local\Programs\Python\Python312\Lib\argparse.py first seen with mtime 1712663418.0
File C:\Users\islam\AppData\Local\Programs\Python\Python312\Lib\site-packages\django\db\models\signals.py first seen with mtime 1743408228.8955429
File C:\Users\islam\AppData\Local\Programs\Python\Python312\Lib\site-packages\django\contrib\auth\urls.py first seen with mtime 1743408224.3173141
File C:\Users\islam\AppData\Local\Programs\Python\Python312\Lib\site-packages\django\template\library.py first seen with mtime 1743408229.0975578
File C:\Users\islam\AppData\Local\Programs\Python\Python312\Lib\email\encoders.py first seen with mtime 1712663418.0
File C:\Users\islam\AppData\Local\Programs\Python\Python312\Lib\site-packages\django\db\migrations\operations\special.py first seen with mtime 1743408228.8725407
File C:\Users\islam\AppData\Local\Programs\Python\Python312\Lib\site-packages\django\utils\lorem_ipsum.py first seen with mtime 1743408229.1875618
File C:\Users\islam\AppData\Local\Programs\Python\Python312\Lib\logging\handlers.py first seen with mtime 1712663418.0
File C:\Users\islam\AppData\Local\Programs\Python\Python312\Lib\asyncio\windows_events.py first seen with mtime 1712663418.0
File C:\Users\islam\AppData\Local\Programs\Python\Python312\Lib\site-packages\django\core\checks\caches.py first seen with mtime 1743408228.6385221
File C:\Users\islam\AppData\Local\Programs\Python\Python312\Lib\site-packages\django\core\exceptions.py first seen with mtime 1743408228.6135204
File C:\Users\islam\AppData\Local\Programs\Python\Python312\Lib\site-packages\django\db\backends\sqlite3\introspection.py first seen with mtime 1743408228.8435378
File C:\Users\islam\AppData\Local\Programs\Python\Python312\Lib\site-packages\django\core\files\temp.py first seen with mtime 1743408228.6625254
File C:\Users\islam\AppData\Local\Programs\Python\Python312\Lib\hashlib.py first seen with mtime 1712663418.0
File C:\Users\islam\AppData\Local\Programs\Python\Python312\Lib\token.py first seen with mtime 1712663418.0
File C:\Users\islam\AppData\Local\Programs\Python\Python312\Lib\asyncio\base_tasks.py first seen with mtime 1712663418.0
File C:\Users\islam\PycharmProjects\bannedgram_islam\banned_gram\core\views.py first seen with mtime 1744655454.0019681
File C:\Users\islam\AppData\Local\Programs\Python\Python312\Lib\asyncio\trsock.py first seen with mtime 1712663418.0
File C:\Users\islam\AppData\Local\Programs\Python\Python312\Lib\site-packages\django\contrib\admin\models.py first seen with mtime 1743408222.2521641
File C:\Users\islam\AppData\Local\Programs\Python\Python312\Lib\site-packages\django\db\models\fields\files.py first seen with mtime 1743408228.9005442
File C:\Users\islam\AppData\Local\Programs\Python\Python312\Lib\asyncio\sslproto.py first seen with mtime 1712663418.0
File C:\Users\islam\AppData\Local\Programs\Python\Python312\Lib\site-packages\django\apps\config.py first seen with mtime 1743408221.1480834
File C:\Users\islam\AppData\Local\Programs\Python\Python312\Lib\site-packages\django\utils\autoreload.py first seen with mtime 1743408229.1555603
File C:\Users\islam\AppData\Local\Programs\Python\Python312\Lib\site-packages\django\contrib\auth\middleware.py first seen with mtime 1743408224.3083155
File C:\Users\islam\AppData\Local\Programs\Python\Python312\DLLs\_asyncio.pyd first seen with mtime 1712663462.0
File C:\Users\islam\AppData\Local\Programs\Python\Python312\Lib\asyncio\locks.py first seen with mtime 1712663418.0
File C:\Users\islam\AppData\Local\Programs\Python\Python312\Lib\site-packages\django\contrib\sites\shortcuts.py first seen with mtime 1743408228.2054899
File C:\Users\islam\AppData\Local\Programs\Python\Python312\Lib\pathlib.py first seen with mtime 1712663418.0
File C:\Users\islam\AppData\Local\Programs\Python\Python312\Lib\signal.py first seen with mtime 1712663418.0
File C:\Users\islam\PycharmProjects\bannedgram_islam\banned_gram\banned_gram\urls.py first seen with mtime 1744655453.604936
File C:\Users\islam\AppData\Local\Programs\Python\Python312\Lib\gettext.py first seen with mtime 1712663418.0
File C:\Users\islam\AppData\Local\Programs\Python\Python312\DLLs\_wmi.pyd first seen with mtime 1712663462.0
File C:\Users\islam\AppData\Local\Programs\Python\Python312\Lib\site-packages\django\db\models\sql\where.py first seen with mtime 1743408228.934545
File C:\Users\islam\AppData\Local\Programs\Python\Python312\Lib\site-packages\django\template\backends\__init__.py first seen with mtime 1743408229.105557
File C:\Users\islam\AppData\Local\Programs\Python\Python312\Lib\site-packages\django\contrib\auth\apps.py first seen with mtime 1743408224.2943144
File C:\Users\islam\AppData\Local\Programs\Python\Python312\Lib\site-packages\django\contrib\admin\__init__.py first seen with mtime 1743408222.2251604
File C:\Users\islam\AppData\Local\Programs\Python\Python312\Lib\site-packages\django\views\decorators\csrf.py first seen with mtime 1743408229.2245657
File C:\Users\islam\AppData\Local\Programs\Python\Python312\Lib\collections\abc.py first seen with mtime 1712663418.0
File C:\Users\islam\AppData\Local\Programs\Python\Python312\Lib\site-packages\django\forms\boundfield.py first seen with mtime 1743408228.940545
File C:\Users\islam\AppData\Local\Programs\Python\Python312\Lib\site-packages\django\utils\translation\reloader.py first seen with mtime 1743408229.2055638
File C:\Users\islam\AppData\Local\Programs\Python\Python312\Lib\bisect.py first seen with mtime 1712663418.0
File C:\Users\islam\AppData\Local\Programs\Python\Python312\Lib\site-packages\django\core\files\storage\__init__.py first seen with mtime 1743408228.667524
File C:\Users\islam\AppData\Local\Programs\Python\Python312\Lib\site-packages\django\db\models\indexes.py first seen with mtime 1743408228.8865402
File C:\Users\islam\AppData\Local\Programs\Python\Python312\Lib\keyword.py first seen with mtime 1712663418.0
File C:\Users\islam\AppData\Local\Programs\Python\Python312\Lib\site-packages\django\utils\crypto.py first seen with mtime 1743408229.1605616
File C:\Users\islam\AppData\Local\Programs\Python\Python312\Lib\site-packages\django\db\backends\base\features.py first seen with mtime 1743408228.7725346
File C:\Users\islam\AppData\Local\Programs\Python\Python312\Lib\site-packages\sqlparse\sql.py first seen with mtime 1743408218.6838992
File C:\Users\islam\AppData\Local\Programs\Python\Python312\Lib\subprocess.py first seen with mtime 1712663418.0
File C:\Users\islam\AppData\Local\Programs\Python\Python312\Lib\site-packages\django\db\backends\sqlite3\client.py first seen with mtime 1743408228.8385372
File C:\Users\islam\AppData\Local\Programs\Python\Python312\Lib\site-packages\django\core\checks\__init__.py first seen with mtime 1743408228.635522
File C:\Users\islam\AppData\Local\Programs\Python\Python312\Lib\site-packages\django\core\checks\security\csrf.py first seen with mtime 1743408228.6535268
File C:\Users\islam\AppData\Local\Programs\Python\Python312\Lib\site-packages\django\db\backends\sqlite3\_functions.py first seen with mtime 1743408228.8365366
File C:\Users\islam\AppData\Local\Programs\Python\Python312\Lib\concurrent\__init__.py first seen with mtime 1712663418.0
File C:\Users\islam\AppData\Local\Programs\Python\Python312\Lib\tokenize.py first seen with mtime 1712663418.0
File C:\Users\islam\AppData\Local\Programs\Python\Python312\Lib\ast.py first seen with mtime 1712663418.0
File C:\Users\islam\AppData\Local\Programs\Python\Python312\Lib\encodings\cp1251.py first seen with mtime 1712663418.0
File C:\Users\islam\AppData\Local\Programs\Python\Python312\Lib\site-packages\django\core\checks\registry.py first seen with mtime 1743408228.6445243
File C:\Users\islam\AppData\Local\Programs\Python\Python312\Lib\site-packages\django\utils\html.py first seen with mtime 1743408229.178561
File C:\Users\islam\AppData\Local\Programs\Python\Python312\Lib\site-packages\django\contrib\admin\options.py first seen with mtime 1743408222.2551646
File C:\Users\islam\AppData\Local\Programs\Python\Python312\Lib\site-packages\django\utils\connection.py first seen with mtime 1743408229.159563
File C:\Users\islam\AppData\Local\Programs\Python\Python312\Lib\site-packages\django\db\models\fields\json.py first seen with mtime 1743408228.903543
File C:\Users\islam\AppData\Local\Programs\Python\Python312\Lib\site-packages\django\__init__.py first seen with mtime 1743408221.140081
File C:\Users\islam\AppData\Local\Programs\Python\Python312\Lib\site-packages\django\contrib\admin\views\main.py first seen with mtime 1743408223.8332808
File C:\Users\islam\AppData\Local\Programs\Python\Python312\Lib\site-packages\django\contrib\auth\checks.py first seen with mtime 1743408224.2993147
File C:\Users\islam\AppData\Local\Programs\Python\Python312\Lib\site-packages\django\conf\urls\__init__.py first seen with mtime 1743408222.2131612
File C:\Users\islam\AppData\Local\Programs\Python\Python312\Lib\email\feedparser.py first seen with mtime 1712663418.0
File C:\Users\islam\AppData\Local\Programs\Python\Python312\Lib\site-packages\django\contrib\staticfiles\handlers.py first seen with mtime 1743408228.5925188
File C:\Users\islam\AppData\Local\Programs\Python\Python312\Lib\site-packages\django\views\decorators\common.py first seen with mtime 1743408229.222565
File C:\Users\islam\AppData\Local\Programs\Python\Python312\Lib\lzma.py first seen with mtime 1712663418.0
File C:\Users\islam\AppData\Local\Programs\Python\Python312\Lib\site-packages\django\db\__init__.py first seen with mtime 1743408228.7515316
File C:\Users\islam\AppData\Local\Programs\Python\Python312\Lib\fnmatch.py first seen with mtime 1712663418.0
File C:\Users\islam\AppData\Local\Programs\Python\Python312\Lib\site-packages\sqlparse\filters\__init__.py first seen with mtime 1743408218.6928983
File C:\Users\islam\AppData\Local\Programs\Python\Python312\Lib\site-packages\django\core\files\storage\memory.py first seen with mtime 1743408228.6735249
File C:\Users\islam\AppData\Local\Programs\Python\Python312\Lib\site-packages\django\core\files\base.py first seen with mtime 1743408228.657527
File C:\Users\islam\PycharmProjects\bannedgram_islam\banned_gram\banned_gram\__init__.py first seen with mtime 1744655453.4675188
File C:\Users\islam\AppData\Local\Programs\Python\Python312\Lib\ctypes\_endian.py first seen with mtime 1712663418.0
File C:\Users\islam\AppData\Local\Programs\Python\Python312\Lib\site-packages\django\contrib\admin\exceptions.py first seen with mtime 1743408222.2431626
File C:\Users\islam\AppData\Local\Programs\Python\Python312\Lib\site-packages\django\template\loader_tags.py first seen with mtime 1743408229.099557
File C:\Users\islam\AppData\Local\Programs\Python\Python312\Lib\site-packages\django\contrib\staticfiles\checks.py first seen with mtime 1743408228.5905178
File C:\Users\islam\AppData\Local\Programs\Python\Python312\Lib\http\cookies.py first seen with mtime 1712663418.0
File C:\Users\islam\AppData\Local\Programs\Python\Python312\DLLs\select.pyd first seen with mtime 1712663462.0
File C:\Users\islam\AppData\Local\Programs\Python\Python312\Lib\site-packages\sqlparse\utils.py first seen with mtime 1743408218.686897
File C:\Users\islam\AppData\Local\Programs\Python\Python312\DLLs\_queue.pyd first seen with mtime 1712663462.0
File C:\Users\islam\AppData\Local\Programs\Python\Python312\Lib\site-packages\django\utils\_os.py first seen with mtime 1743408229.15056
File C:\Users\islam\AppData\Local\Programs\Python\Python312\Lib\site-packages\django\db\models\expressions.py first seen with mtime 1743408228.8845415
File C:\Users\islam\AppData\Local\Programs\Python\Python312\Lib\site-packages\django\utils\termcolors.py first seen with mtime 1743408229.1955633
File C:\Users\islam\AppData\Local\Programs\Python\Python312\Lib\traceback.py first seen with mtime 1712663418.0
File C:\Users\islam\AppData\Local\Programs\Python\Python312\Lib\site-packages\django\core\checks\database.py first seen with mtime 1743408228.6395235
File C:\Users\islam\AppData\Local\Programs\Python\Python312\Lib\site-packages\sqlparse\engine\grouping.py first seen with mtime 1743408218.6908977
File C:\Users\islam\AppData\Local\Programs\Python\Python312\Lib\selectors.py first seen with mtime 1712663418.0
File C:\Users\islam\PycharmProjects\bannedgram_islam\banned_gram\banned_gram\settings.py first seen with mtime 1744655453.5609326
File C:\Users\islam\AppData\Local\Programs\Python\Python312\Lib\email\mime\multipart.py first seen with mtime 1712663418.0
File C:\Users\islam\AppData\Local\Programs\Python\Python312\Lib\site-packages\django\utils\http.py first seen with mtime 1743408229.1795635
File C:\Users\islam\AppData\Local\Programs\Python\Python312\Lib\hmac.py first seen with mtime 1712663418.0
File C:\Users\islam\AppData\Local\Programs\Python\Python312\Lib\site-packages\django\templatetags\static.py first seen with mtime 1743408229.1265633
File C:\Users\islam\AppData\Local\Programs\Python\Python312\Lib\site-packages\django\utils\hashable.py first seen with mtime 1743408229.1765623
File C:\Users\islam\AppData\Local\Programs\Python\Python312\Lib\html\parser.py first seen with mtime 1712663418.0
File C:\Users\islam\AppData\Local\Programs\Python\Python312\Lib\site-packages\django\db\models\fields\related_descriptors.py first seen with mtime 1743408228.9095418
File C:\Users\islam\AppData\Local\Programs\Python\Python312\Lib\contextlib.py first seen with mtime 1712663418.0
File C:\Users\islam\AppData\Local\Programs\Python\Python312\Lib\site-packages\django\conf\__init__.py first seen with mtime 1743408221.1530821
File C:\Users\islam\AppData\Local\Programs\Python\Python312\Lib\site-packages\django\contrib\admin\templatetags\__init__.py first seen with mtime 1743408223.8172789
File C:\Users\islam\AppData\Local\Programs\Python\Python312\Lib\site-packages\django\contrib\auth\admin.py first seen with mtime 1743408224.2933133
File C:\Users\islam\AppData\Local\Programs\Python\Python312\Lib\site-packages\django\core\handlers\exception.py first seen with mtime 1743408228.679527
File C:\Users\islam\AppData\Local\Programs\Python\Python312\Lib\site-packages\django\contrib\contenttypes\checks.py first seen with mtime 1743408224.8273525
File C:\Users\islam\AppData\Local\Programs\Python\Python312\Lib\site-packages\django\http\__init__.py first seen with mtime 1743408229.0665548
File C:\Users\islam\AppData\Local\Programs\Python\Python312\Lib\site-packages\django\core\signing.py first seen with mtime 1743408228.617522
File C:\Users\islam\AppData\Local\Programs\Python\Python312\Lib\site-packages\django\db\backends\base\client.py first seen with mtime 1743408228.7695322
File C:\Users\islam\AppData\Local\Programs\Python\Python312\Lib\quopri.py first seen with mtime 1712663418.0
File C:\Users\islam\AppData\Local\Programs\Python\Python312\Lib\site-packages\django\contrib\contenttypes\apps.py first seen with mtime 1743408224.8243523
File C:\Users\islam\AppData\Local\Programs\Python\Python312\Lib\site-packages\django\core\checks\compatibility\django_4_0.py first seen with mtime 1743408228.6505237
File C:\Users\islam\AppData\Local\Programs\Python\Python312\Lib\site-packages\django\db\migrations\exceptions.py first seen with mtime 1743408228.850538
File C:\Users\islam\AppData\Local\Programs\Python\Python312\Lib\site-packages\django\db\migrations\operations\base.py first seen with mtime 1743408228.8675418
File C:\Users\islam\AppData\Local\Programs\Python\Python312\Lib\asyncio\log.py first seen with mtime 1712663418.0
File C:\Users\islam\AppData\Local\Programs\Python\Python312\Lib\multiprocessing\reduction.py first seen with mtime 1712663418.0
File C:\Users\islam\AppData\Local\Programs\Python\Python312\Lib\site-packages\django\views\generic\base.py first seen with mtime 1743408229.234568
File C:\Users\islam\AppData\Local\Programs\Python\Python312\Lib\site-packages\django\contrib\messages\storage\base.py first seen with mtime 1743408227.0925226
File C:\Users\islam\AppData\Local\Programs\Python\Python312\Lib\dataclasses.py first seen with mtime 1712663418.0
File C:\Users\islam\AppData\Local\Programs\Python\Python312\Lib\_markupbase.py first seen with mtime 1712663418.0
File C:\Users\islam\AppData\Local\Programs\Python\Python312\Lib\site-packages\django\views\defaults.py first seen with mtime 1743408229.2145655
File C:\Users\islam\AppData\Local\Programs\Python\Python312\Lib\asyncio\protocols.py first seen with mtime 1712663418.0
File C:\Users\islam\AppData\Local\Programs\Python\Python312\Lib\site-packages\django\db\backends\utils.py first seen with mtime 1743408228.7625332
File C:\Users\islam\AppData\Local\Programs\Python\Python312\Lib\site-packages\django\contrib\auth\hashers.py first seen with mtime 1743408224.3073142
File C:\Users\islam\AppData\Local\Programs\Python\Python312\DLLs\_sqlite3.pyd first seen with mtime 1712663462.0
File C:\Users\islam\AppData\Local\Programs\Python\Python312\Lib\asyncio\transports.py first seen with mtime 1712663418.0
File C:\Users\islam\AppData\Local\Programs\Python\Python312\Lib\asyncio\base_subprocess.py first seen with mtime 1712663418.0
File C:\Users\islam\AppData\Local\Programs\Python\Python312\Lib\pprint.py first seen with mtime 1712663418.0
File C:\Users\islam\AppData\Local\Programs\Python\Python312\Lib\sqlite3\__init__.py first seen with mtime 1712663418.0
File C:\Users\islam\AppData\Local\Programs\Python\Python312\Lib\site-packages\django\core\checks\security\sessions.py first seen with mtime 1743408228.6555269
File C:\Users\islam\AppData\Local\Programs\Python\Python312\Lib\asyncio\futures.py first seen with mtime 1712663418.0
File C:\Users\islam\AppData\Local\Programs\Python\Python312\Lib\site-packages\django\shortcuts.py first seen with mtime 1743408221.1440825
File C:\Users\islam\AppData\Local\Programs\Python\Python312\Lib\site-packages\django\utils\translation\trans_real.py first seen with mtime 1743408229.2095659
File C:\Users\islam\AppData\Local\Programs\Python\Python312\Lib\site-packages\django\template\defaulttags.py first seen with mtime 1743408229.0935574
File C:\Users\islam\AppData\Local\Programs\Python\Python312\Lib\email\policy.py first seen with mtime 1712663418.0
File C:\Users\islam\AppData\Local\Programs\Python\Python312\Lib\site-packages\django\core\validators.py first seen with mtime 1743408228.6185231
File C:\Users\islam\AppData\Local\Programs\Python\Python312\Lib\site-packages\django\contrib\sessions\middleware.py first seen with mtime 1743408227.8074608
File C:\Users\islam\AppData\Local\Programs\Python\Python312\Lib\site-packages\django\core\management\__init__.py first seen with mtime 1743408228.6965265
File C:\Users\islam\AppData\Local\Programs\Python\Python312\Lib\site-packages\django\db\backends\base\operations.py first seen with mtime 1743408228.7765355
File C:\Users\islam\AppData\Local\Programs\Python\Python312\Lib\asyncio\windows_utils.py first seen with mtime 1712663418.0
File C:\Users\islam\AppData\Local\Programs\Python\Python312\DLLs\_socket.pyd first seen with mtime 1712663462.0
File C:\Users\islam\AppData\Local\Programs\Python\Python312\Lib\site-packages\django\views\generic\edit.py first seen with mtime 1743408229.2385676
File C:\Users\islam\AppData\Local\Programs\Python\Python312\Lib\site-packages\django\db\models\query.py first seen with mtime 1743408228.8925426
File C:\Users\islam\AppData\Local\Programs\Python\Python312\Lib\opcode.py first seen with mtime 1712663418.0
File C:\Users\islam\AppData\Local\Programs\Python\Python312\Lib\site-packages\django\core\paginator.py first seen with mtime 1743408228.6145208
File C:\Users\islam\AppData\Local\Programs\Python\Python312\Lib\site-packages\django\db\backends\base\base.py first seen with mtime 1743408228.7675345
File C:\Users\islam\AppData\Local\Programs\Python\Python312\Lib\site-packages\django\core\checks\model_checks.py first seen with mtime 1743408228.6435227
File C:\Users\islam\AppData\Local\Programs\Python\Python312\Lib\site-packages\django\template\context.py first seen with mtime 1743408229.0895565
File C:\Users\islam\AppData\Local\Programs\Python\Python312\Lib\email\errors.py first seen with mtime 1712663418.0
File C:\Users\islam\AppData\Local\Programs\Python\Python312\Lib\_compression.py first seen with mtime 1712663418.0
File C:\Users\islam\AppData\Local\Programs\Python\Python312\Lib\site-packages\django\contrib\contenttypes\forms.py first seen with mtime 1743408224.8313532
File C:\Users\islam\AppData\Local\Programs\Python\Python312\Lib\site-packages\django\urls\converters.py first seen with mtime 1743408229.144561
File C:\Users\islam\AppData\Local\Programs\Python\Python312\Lib\site-packages\django\core\checks\translation.py first seen with mtime 1743408228.6465237
File C:\Users\islam\AppData\Local\Programs\Python\Python312\Lib\site-packages\django\contrib\messages\constants.py first seen with mtime 1743408227.0795183
File C:\Users\islam\AppData\Local\Programs\Python\Python312\Lib\site-packages\django\core\files\uploadhandler.py first seen with mtime 1743408228.6655245
File C:\Users\islam\AppData\Local\Programs\Python\Python312\Lib\socketserver.py first seen with mtime 1712663418.0
File C:\Users\islam\AppData\Local\Programs\Python\Python312\Lib\bz2.py first seen with mtime 1712663418.0
File C:\Users\islam\AppData\Local\Programs\Python\Python312\Lib\site-packages\django\db\models\fields\__init__.py first seen with mtime 1743408228.8985415
File C:\Users\islam\AppData\Local\Programs\Python\Python312\Lib\site-packages\django\db\models\functions\math.py first seen with mtime 1743408228.918543
File C:\Users\islam\AppData\Local\Programs\Python\Python312\Lib\secrets.py first seen with mtime 1712663418.0
File C:\Users\islam\AppData\Local\Programs\Python\Python312\Lib\email\generator.py first seen with mtime 1712663418.0
File C:\Users\islam\AppData\Local\Programs\Python\Python312\Lib\struct.py first seen with mtime 1712663418.0
File C:\Users\islam\AppData\Local\Programs\Python\Python312\Lib\site-packages\django\db\migrations\operations\fields.py first seen with mtime 1743408228.8695393
File C:\Users\islam\AppData\Local\Programs\Python\Python312\Lib\gzip.py first seen with mtime 1712663418.0
File C:\Users\islam\AppData\Local\Programs\Python\Python312\Lib\datetime.py first seen with mtime 1712663418.0
File C:\Users\islam\AppData\Local\Programs\Python\Python312\Lib\site-packages\django\utils\log.py first seen with mtime 1743408229.185563
File C:\Users\islam\AppData\Local\Programs\Python\Python312\Lib\asyncio\queues.py first seen with mtime 1712663418.0
File C:\Users\islam\AppData\Local\Programs\Python\Python312\Lib\site-packages\django\middleware\http.py first seen with mtime 1743408229.0815575
File C:\Users\islam\AppData\Local\Programs\Python\Python312\Lib\string.py first seen with mtime 1712663418.0
File C:\Users\islam\AppData\Local\Programs\Python\Python312\Lib\site-packages\django\core\cache\backends\__init__.py first seen with mtime 1743408228.624524
File C:\Users\islam\AppData\Local\Programs\Python\Python312\Lib\site-packages\django\template\loaders\app_directories.py first seen with mtime 1743408229.113559
File C:\Users\islam\AppData\Local\Programs\Python\Python312\Lib\asyncio\base_events.py first seen with mtime 1712663418.0
File C:\Users\islam\AppData\Local\Programs\Python\Python312\Lib\site-packages\django\template\loader.py first seen with mtime 1743408229.0985587
File C:\Users\islam\AppData\Local\Programs\Python\Python312\Lib\site-packages\django\contrib\admin\templatetags\log.py first seen with mtime 1743408223.8262787
File C:\Users\islam\AppData\Local\Programs\Python\Python312\Lib\site-packages\django\db\models\sql\__init__.py first seen with mtime 1743408228.925545
File C:\Users\islam\AppData\Local\Programs\Python\Python312\Lib\site-packages\django\db\models\fields\proxy.py first seen with mtime 1743408228.9065416
File C:\Users\islam\AppData\Local\Programs\Python\Python312\Lib\site-packages\django\core\checks\async_checks.py first seen with mtime 1743408228.636521
File C:\Users\islam\AppData\Local\Programs\Python\Python312\Lib\site-packages\django\db\models\fields\related.py first seen with mtime 1743408228.9075449
File C:\Users\islam\AppData\Local\Programs\Python\Python312\Lib\site-packages\django\contrib\auth\views.py first seen with mtime 1743408224.320315
File C:\Users\islam\AppData\Local\Programs\Python\Python312\Lib\site-packages\django\views\generic\dates.py first seen with mtime 1743408229.2355664
File C:\Users\islam\AppData\Local\Programs\Python\Python312\Lib\wsgiref\util.py first seen with mtime 1712663418.0
File C:\Users\islam\AppData\Local\Programs\Python\Python312\Lib\encodings\__init__.py first seen with mtime 1712663418.0
File C:\Users\islam\AppData\Local\Programs\Python\Python312\Lib\wsgiref\__init__.py first seen with mtime 1712663418.0
File C:\Users\islam\AppData\Local\Programs\Python\Python312\Lib\site-packages\django\db\models\lookups.py first seen with mtime 1743408228.8875422
File C:\Users\islam\AppData\Local\Programs\Python\Python312\Lib\site-packages\django\template\loaders\base.py first seen with mtime 1743408229.1155574
File C:\Users\islam\AppData\Local\Programs\Python\Python312\Lib\site-packages\django\conf\global_settings.py first seen with mtime 1743408221.1550841
File C:\Users\islam\AppData\Local\Programs\Python\Python312\Lib\site-packages\django\core\checks\compatibility\__init__.py first seen with mtime 1743408228.6485255
File C:\Users\islam\AppData\Local\Programs\Python\Python312\Lib\fractions.py first seen with mtime 1712663418.0
File C:\Users\islam\AppData\Local\Programs\Python\Python312\Lib\asyncio\streams.py first seen with mtime 1712663418.0
File C:\Users\islam\AppData\Local\Programs\Python\Python312\Lib\site-packages\django\http\request.py first seen with mtime 1743408229.0705576
File C:\Users\islam\AppData\Local\Programs\Python\Python312\Lib\tempfile.py first seen with mtime 1712663418.0
File C:\Users\islam\AppData\Local\Programs\Python\Python312\Lib\site-packages\django\template\exceptions.py first seen with mtime 1743408229.0965576
File C:\Users\islam\AppData\Local\Programs\Python\Python312\Lib\re\_compiler.py first seen with mtime 1712663418.0
File C:\Users\islam\AppData\Local\Programs\Python\Python312\Lib\site-packages\django\core\handlers\base.py first seen with mtime 1743408228.6785316
File C:\Users\islam\AppData\Local\Programs\Python\Python312\Lib\site-packages\django\db\models\options.py first seen with mtime 1743408228.8905413
File C:\Users\islam\AppData\Local\Programs\Python\Python312\Lib\re\_casefix.py first seen with mtime 1712663418.0
File C:\Users\islam\AppData\Local\Programs\Python\Python312\Lib\contextvars.py first seen with mtime 1712663418.0
File C:\Users\islam\AppData\Local\Programs\Python\Python312\Lib\site-packages\django\db\transaction.py first seen with mtime 1743408228.752532
File C:\Users\islam\PycharmProjects\bannedgram_islam\banned_gram\core\forms.py first seen with mtime 1744655453.818951
File C:\Users\islam\AppData\Local\Programs\Python\Python312\Lib\site-packages\django\contrib\sessions\__init__.py first seen with mtime 1743408227.80246
File C:\Users\islam\AppData\Local\Programs\Python\Python312\Lib\ssl.py first seen with mtime 1712663418.0
File C:\Users\islam\AppData\Local\Programs\Python\Python312\Lib\asyncio\constants.py first seen with mtime 1712663418.0
File C:\Users\islam\AppData\Local\Programs\Python\Python312\Lib\site-packages\sqlparse\__init__.py first seen with mtime 1743408218.6738963
File C:\Users\islam\AppData\Local\Programs\Python\Python312\Lib\site-packages\django\db\migrations\utils.py first seen with mtime 1743408228.8635418
File C:\Users\islam\AppData\Local\Programs\Python\Python312\Lib\site-packages\django\db\models\base.py first seen with mtime 1743408228.8765402
File C:\Users\islam\AppData\Local\Programs\Python\Python312\Lib\wsgiref\simple_server.py first seen with mtime 1712663418.0
File C:\Users\islam\AppData\Local\Programs\Python\Python312\Lib\site-packages\django\contrib\contenttypes\management\__init__.py first seen with mtime 1743408225.4543996
File C:\Users\islam\AppData\Local\Programs\Python\Python312\Lib\uuid.py first seen with mtime 1712663418.0
File C:\Users\islam\AppData\Local\Programs\Python\Python312\Lib\site-packages\django\templatetags\__init__.py first seen with mtime 1743408229.1215608
File C:\Users\islam\AppData\Local\Programs\Python\Python312\Lib\site-packages\django\core\cache\backends\filebased.py first seen with mtime 1743408228.629522
File C:\Users\islam\AppData\Local\Programs\Python\Python312\Lib\site-packages\django\db\models\functions\comparison.py first seen with mtime 1743408228.915543
File C:\Users\islam\AppData\Local\Programs\Python\Python312\Lib\site-packages\sqlparse\cli.py first seen with mtime 1743408218.6769066
File C:\Users\islam\AppData\Local\Programs\Python\Python312\Lib\base64.py first seen with mtime 1712663418.0
File C:\Users\islam\AppData\Local\Programs\Python\Python312\Lib\site-packages\django\db\backends\base\introspection.py first seen with mtime 1743408228.7745328
File C:\Users\islam\AppData\Local\Programs\Python\Python312\Lib\site-packages\django\db\backends\ddl_references.py first seen with mtime 1743408228.7595322
File C:\Users\islam\AppData\Local\Programs\Python\Python312\Lib\site-packages\django\template\backends\django.py first seen with mtime 1743408229.1075592
File C:\Users\islam\AppData\Local\Programs\Python\Python312\Lib\urllib\error.py first seen with mtime 1712663418.0
File C:\Users\islam\AppData\Local\Programs\Python\Python312\Lib\mimetypes.py first seen with mtime 1712663418.0
File C:\Users\islam\AppData\Local\Programs\Python\Python312\DLLs\_zoneinfo.pyd first seen with mtime 1712663462.0
File C:\Users\islam\AppData\Local\Programs\Python\Python312\Lib\site-packages\django\utils\module_loading.py first seen with mtime 1743408229.188564
File C:\Users\islam\AppData\Local\Programs\Python\Python312\Lib\asyncio\runners.py first seen with mtime 1712663418.0
File C:\Users\islam\AppData\Local\Programs\Python\Python312\Lib\site-packages\django\contrib\staticfiles\apps.py first seen with mtime 1743408228.588518
File C:\Users\islam\AppData\Local\Programs\Python\Python312\Lib\email\message.py first seen with mtime 1712663418.0
File C:\Users\islam\AppData\Local\Programs\Python\Python312\Lib\site-packages\django\contrib\contenttypes\__init__.py first seen with mtime 1743408224.8213525
File C:\Users\islam\AppData\Local\Programs\Python\Python312\Lib\site-packages\django\db\models\aggregates.py first seen with mtime 1743408228.8755403
File C:\Users\islam\AppData\Local\Programs\Python\Python312\Lib\site-packages\django\contrib\staticfiles\management\__init__.py first seen with mtime 1743408228.6005235
File C:\Users\islam\AppData\Local\Programs\Python\Python312\Lib\sqlite3\dbapi2.py first seen with mtime 1712663418.0
File C:\Users\islam\AppData\Local\Programs\Python\Python312\Lib\decimal.py first seen with mtime 1712663418.0
File C:\Users\islam\AppData\Local\Programs\Python\Python312\Lib\site-packages\django\utils\dates.py first seen with mtime 1743408229.1655622
File C:\Users\islam\AppData\Local\Programs\Python\Python312\Lib\site-packages\django\contrib\staticfiles\utils.py first seen with mtime 1743408228.5985203
File C:\Users\islam\AppData\Local\Programs\Python\Python312\Lib\site-packages\django\core\checks\urls.py first seen with mtime 1743408228.6475255
File C:\Users\islam\AppData\Local\Programs\Python\Python312\Lib\site-packages\django\db\models\sql\query.py first seen with mtime 1743408228.9315448
File C:\Users\islam\AppData\Local\Programs\Python\Python312\Lib\site-packages\django\core\files\utils.py first seen with mtime 1743408228.6665258
File C:\Users\islam\AppData\Local\Programs\Python\Python312\Lib\zoneinfo\_common.py first seen with mtime 1712663418.0
File C:\Users\islam\AppData\Local\Programs\Python\Python312\Lib\site-packages\django\urls\conf.py first seen with mtime 1743408229.1435628
File C:\Users\islam\AppData\Local\Programs\Python\Python312\Lib\dis.py first seen with mtime 1712663418.0
File C:\Users\islam\AppData\Local\Programs\Python\Python312\Lib\json\encoder.py first seen with mtime 1712663418.0
File C:\Users\islam\AppData\Local\Programs\Python\Python312\Lib\concurrent\futures\__init__.py first seen with mtime 1712663418.0
File C:\Users\islam\AppData\Local\Programs\Python\Python312\Lib\types.py first seen with mtime 1712663418.0
File C:\Users\islam\AppData\Local\Programs\Python\Python312\Lib\site-packages\django\conf\urls\static.py first seen with mtime 1743408222.220161
File C:\Users\islam\AppData\Local\Programs\Python\Python312\Lib\site-packages\django\views\decorators\cache.py first seen with mtime 1743408229.2205672
File C:\Users\islam\AppData\Local\Programs\Python\Python312\DLLs\_decimal.pyd first seen with mtime 1712663462.0
File C:\Users\islam\AppData\Local\Programs\Python\Python312\Lib\asyncio\coroutines.py first seen with mtime 1712663418.0
File C:\Users\islam\AppData\Local\Programs\Python\Python312\Lib\concurrent\futures\_base.py first seen with mtime 1712663418.0
File C:\Users\islam\AppData\Local\Programs\Python\Python312\Lib\site-packages\django\views\decorators\debug.py first seen with mtime 1743408229.2255666
File C:\Users\islam\AppData\Local\Programs\Python\Python312\Lib\site-packages\django\core\files\storage\filesystem.py first seen with mtime 1743408228.6705258
File C:\Users\islam\AppData\Local\Programs\Python\Python312\Lib\site-packages\django\urls\__init__.py first seen with mtime 1743408229.1415596
File C:\Users\islam\AppData\Local\Programs\Python\Python312\Lib\site-packages\django\core\cache\utils.py first seen with mtime 1743408228.6225243
File C:\Users\islam\AppData\Local\Programs\Python\Python312\Lib\site-packages\django\db\backends\sqlite3\base.py first seen with mtime 1743408228.8375363
File C:\Users\islam\AppData\Local\Programs\Python\Python312\Lib\site-packages\django\template\base.py first seen with mtime 1743408229.0875578
File C:\Users\islam\AppData\Local\Programs\Python\Python312\Lib\site-packages\django\contrib\sites\__init__.py first seen with mtime 1743408228.193489
File C:\Users\islam\AppData\Local\Programs\Python\Python312\Lib\_compat_pickle.py first seen with mtime 1712663418.0
File C:\Users\islam\AppData\Local\Programs\Python\Python312\Lib\site-packages\django\db\models\deletion.py first seen with mtime 1743408228.880543
File C:\Users\islam\AppData\Local\Programs\Python\Python312\Lib\site-packages\django\template\loaders\cached.py first seen with mtime 1743408229.1165583
File C:\Users\islam\AppData\Local\Programs\Python\Python312\Lib\getpass.py first seen with mtime 1712663418.0
File C:\Users\islam\AppData\Local\Programs\Python\Python312\Lib\functools.py first seen with mtime 1712663418.0
File C:\Users\islam\AppData\Local\Programs\Python\Python312\Lib\site-packages\django\templatetags\i18n.py first seen with mtime 1743408229.12356
File C:\Users\islam\AppData\Local\Programs\Python\Python312\Lib\site-packages\django\templatetags\cache.py first seen with mtime 1743408229.122561
File C:\Users\islam\AppData\Local\Programs\Python\Python312\Lib\site-packages\django\template\response.py first seen with mtime 1743408229.1015563
File C:\Users\islam\AppData\Local\Programs\Python\Python312\Lib\email\mime\text.py first seen with mtime 1712663418.0
File C:\Users\islam\AppData\Local\Programs\Python\Python312\Lib\asyncio\__init__.py first seen with mtime 1712663418.0
File C:\Users\islam\AppData\Local\Programs\Python\Python312\Lib\site-packages\django\core\management\commands\__init__.py first seen with mtime 1743408228.7055287
File C:\Users\islam\AppData\Local\Programs\Python\Python312\Lib\asyncio\format_helpers.py first seen with mtime 1712663418.0
File C:\Users\islam\AppData\Local\Programs\Python\Python312\Lib\asyncio\mixins.py first seen with mtime 1712663418.0
File C:\Users\islam\AppData\Local\Programs\Python\Python312\Lib\html\entities.py first seen with mtime 1712663418.0
File C:\Users\islam\AppData\Local\Programs\Python\Python312\Lib\asyncio\events.py first seen with mtime 1712663418.0
File C:\Users\islam\AppData\Local\Programs\Python\Python312\Lib\site-packages\django\db\backends\__init__.py first seen with mtime 1743408228.7555327
File C:\Users\islam\AppData\Local\Programs\Python\Python312\Lib\json\scanner.py first seen with mtime 1712663418.0
File C:\Users\islam\AppData\Local\Programs\Python\Python312\Lib\asyncio\subprocess.py first seen with mtime 1712663418.0
File C:\Users\islam\AppData\Local\Programs\Python\Python312\Lib\site-packages\django\core\files\locks.py first seen with mtime 1743408228.6605244
File C:\Users\islam\AppData\Local\Programs\Python\Python312\Lib\site-packages\django\contrib\contenttypes\views.py first seen with mtime 1743408224.837353
File C:\Users\islam\AppData\Local\Programs\Python\Python312\Lib\re\_parser.py first seen with mtime 1712663418.0
File C:\Users\islam\AppData\Local\Programs\Python\Python312\Lib\site-packages\django\contrib\admin\widgets.py first seen with mtime 1743408222.2631638
File C:\Users\islam\AppData\Local\Programs\Python\Python312\Lib\site-packages\django\contrib\admin\templatetags\base.py first seen with mtime 1743408223.8242788
File C:\Users\islam\AppData\Local\Programs\Python\Python312\Lib\site-packages\django\db\migrations\__init__.py first seen with mtime 1743408228.8475375
File C:\Users\islam\AppData\Local\Programs\Python\Python312\Lib\urllib\response.py first seen with mtime 1712663418.0
File C:\Users\islam\AppData\Local\Programs\Python\Python312\Lib\calendar.py first seen with mtime 1712663418.0
File C:\Users\islam\AppData\Local\Programs\Python\Python312\Lib\site-packages\django\views\csrf.py first seen with mtime 1743408229.2125652
File C:\Users\islam\AppData\Local\Programs\Python\Python312\Lib\site-packages\django\core\files\storage\handler.py first seen with mtime 1743408228.671525
File C:\Users\islam\AppData\Local\Programs\Python\Python312\Lib\site-packages\django\contrib\auth\__init__.py first seen with mtime 1743408224.291316
File C:\Users\islam\AppData\Local\Programs\Python\Python312\Lib\email\mime\nonmultipart.py first seen with mtime 1712663418.0
File C:\Users\islam\AppData\Local\Programs\Python\Python312\Lib\site-packages\sqlparse\engine\filter_stack.py first seen with mtime 1743408218.6888974
File C:\Users\islam\AppData\Local\Programs\Python\Python312\Lib\site-packages\django\contrib\staticfiles\__init__.py first seen with mtime 1743408228.5875187
File C:\Users\islam\AppData\Local\Programs\Python\Python312\Lib\asyncio\taskgroups.py first seen with mtime 1712663418.0
File C:\Users\islam\AppData\Local\Programs\Python\Python312\Lib\email\parser.py first seen with mtime 1712663418.0
File C:\Users\islam\AppData\Local\Programs\Python\Python312\Lib\site-packages\django\contrib\staticfiles\management\commands\__init__.py first seen with mtime 1743408228.6015193
File C:\Users\islam\AppData\Local\Programs\Python\Python312\Lib\statistics.py first seen with mtime 1712663418.0
File C:\Users\islam\AppData\Local\Programs\Python\Python312\Lib\urllib\request.py first seen with mtime 1712663418.0
File C:\Users\islam\AppData\Local\Programs\Python\Python312\Lib\asyncio\selector_events.py first seen with mtime 1712663418.0
File C:\Users\islam\AppData\Local\Programs\Python\Python312\Lib\pickle.py first seen with mtime 1712663418.0
File C:\Users\islam\AppData\Local\Programs\Python\Python312\Lib\queue.py first seen with mtime 1712663418.0
File C:\Users\islam\AppData\Local\Programs\Python\Python312\Lib\site-packages\django\middleware\csrf.py first seen with mtime 1743408229.0795555
File C:\Users\islam\PycharmProjects\bannedgram_islam\banned_gram\core\apps.py first seen with mtime 1744655453.7749481
File C:\Users\islam\AppData\Local\Programs\Python\Python312\Lib\site-packages\django\template\loaders\__init__.py first seen with mtime 1743408229.1125586
File C:\Users\islam\AppData\Local\Programs\Python\Python312\Lib\zoneinfo\__init__.py first seen with mtime 1712663418.0
File C:\Users\islam\AppData\Local\Programs\Python\Python312\Lib\site-packages\django\contrib\admin\templatetags\admin_list.py first seen with mtime 1743408223.8192797
File C:\Users\islam\AppData\Local\Programs\Python\Python312\Lib\site-packages\django\contrib\auth\tokens.py first seen with mtime 1743408224.3153155
File C:\Users\islam\AppData\Local\Programs\Python\Python312\Lib\site-packages\django\forms\formsets.py first seen with mtime 1743408228.944545
File C:\Users\islam\AppData\Local\Programs\Python\Python312\Lib\re\_constants.py first seen with mtime 1712663418.0
File C:\Users\islam\AppData\Local\Programs\Python\Python312\Lib\email\_encoded_words.py first seen with mtime 1712663418.0
File C:\Users\islam\AppData\Local\Programs\Python\Python312\Lib\site-packages\django\utils\dateformat.py first seen with mtime 1743408229.163561
File C:\Users\islam\AppData\Local\Programs\Python\Python312\Lib\site-packages\django\core\checks\security\__init__.py first seen with mtime 1743408228.6515248
File C:\Users\islam\AppData\Local\Programs\Python\Python312\Lib\site-packages\django\core\checks\templates.py first seen with mtime 1743408228.6455226
File C:\Users\islam\AppData\Local\Programs\Python\Python312\Lib\site-packages\django\db\models\__init__.py first seen with mtime 1743408228.87454
File C:\Users\islam\AppData\Local\Programs\Python\Python312\Lib\site-packages\django\views\static.py first seen with mtime 1743408229.217566
File C:\Users\islam\PycharmProjects\bannedgram_islam\banned_gram\core\__init__.py first seen with mtime 1744655453.686944
File C:\Users\islam\AppData\Local\Programs\Python\Python312\Lib\site-packages\django\utils\choices.py first seen with mtime 1743408229.15756
File C:\Users\islam\AppData\Local\Programs\Python\Python312\Lib\site-packages\django\template\defaultfilters.py first seen with mtime 1743408229.0925574
File C:\Users\islam\AppData\Local\Programs\Python\Python312\Lib\site-packages\django\contrib\admin\helpers.py first seen with mtime 1743408222.2501645
File C:\Users\islam\AppData\Local\Programs\Python\Python312\Lib\site-packages\django\forms\models.py first seen with mtime 1743408228.9465456
File C:\Users\islam\AppData\Local\Programs\Python\Python312\Lib\site-packages\django\contrib\staticfiles\finders.py first seen with mtime 1743408228.5915189
File C:\Users\islam\AppData\Local\Programs\Python\Python312\Lib\graphlib.py first seen with mtime 1712663418.0
File C:\Users\islam\AppData\Local\Programs\Python\Python312\Lib\site-packages\django\core\serializers\python.py first seen with mtime 1743408228.7445326
File C:\Users\islam\AppData\Local\Programs\Python\Python312\Lib\site-packages\django\core\management\commands\runserver.py first seen with mtime 1743408228.7235298
File C:\Users\islam\AppData\Local\Programs\Python\Python312\Lib\site-packages\django\contrib\contenttypes\fields.py first seen with mtime 1743408224.8293533
File C:\Users\islam\AppData\Local\Programs\Python\Python312\Lib\site-packages\django\contrib\admin\views\__init__.py first seen with mtime 1743408223.828279
File C:\Users\islam\AppData\Local\Programs\Python\Python312\Lib\site-packages\django\utils\deprecation.py first seen with mtime 1743408229.1695614
File C:\Users\islam\PycharmProjects\bannedgram_islam\banned_gram\core\models.py first seen with mtime 1744655453.862955
File C:\Users\islam\AppData\Local\Programs\Python\Python312\Lib\importlib\_abc.py first seen with mtime 1712663418.0
File C:\Users\islam\AppData\Local\Programs\Python\Python312\Lib\site-packages\django\utils\decorators.py first seen with mtime 1743408229.168561
File C:\Users\islam\AppData\Local\Programs\Python\Python312\Lib\email\mime\message.py first seen with mtime 1712663418.0
File C:\Users\islam\AppData\Local\Programs\Python\Python312\Lib\site-packages\sqlparse\keywords.py first seen with mtime 1743408218.6809082
File C:\Users\islam\AppData\Local\Programs\Python\Python312\Lib\site-packages\django\middleware\cache.py first seen with mtime 1743408229.0745592
File C:\Users\islam\AppData\Local\Programs\Python\Python312\Lib\email\_parseaddr.py first seen with mtime 1712663418.0
File C:\Users\islam\AppData\Local\Programs\Python\Python312\Lib\site-packages\django\http\multipartparser.py first seen with mtime 1743408229.0695577
File C:\Users\islam\AppData\Local\Programs\Python\Python312\Lib\linecache.py first seen with mtime 1712663418.0
File C:\Users\islam\AppData\Local\Programs\Python\Python312\Lib\reprlib.py first seen with mtime 1712663418.0
File C:\Users\islam\AppData\Local\Programs\Python\Python312\Lib\site-packages\sqlparse\engine\__init__.py first seen with mtime 1743408218.6878974
File C:\Users\islam\AppData\Local\Programs\Python\Python312\Lib\urllib\parse.py first seen with mtime 1712663418.0
File C:\Users\islam\AppData\Local\Programs\Python\Python312\Lib\site-packages\sqlparse\lexer.py first seen with mtime 1743408218.6818972
File C:\Users\islam\AppData\Local\Programs\Python\Python312\Lib\email\headerregistry.py first seen with mtime 1712663418.0
File C:\Users\islam\AppData\Local\Programs\Python\Python312\Lib\site-packages\django\core\files\storage\mixins.py first seen with mtime 1743408228.6745265
File C:\Users\islam\AppData\Local\Programs\Python\Python312\Lib\zoneinfo\_tzpath.py first seen with mtime 1712663418.0
File C:\Users\islam\AppData\Local\Programs\Python\Python312\Lib\site-packages\django\contrib\admin\apps.py first seen with mtime 1743408222.2351623
File C:\Users\islam\AppData\Local\Programs\Python\Python312\Lib\site-packages\django\contrib\messages\apps.py first seen with mtime 1743408227.078519
File C:\Users\islam\AppData\Local\Programs\Python\Python312\Lib\site-packages\django\utils\functional.py first seen with mtime 1743408229.1755626
File C:\Users\islam\AppData\Local\Programs\Python\Python312\Lib\site-packages\django\core\wsgi.py first seen with mtime 1743408228.6195214
File C:\Users\islam\AppData\Local\Programs\Python\Python312\Lib\email\mime\base.py first seen with mtime 1712663418.0
File C:\Users\islam\AppData\Local\Programs\Python\Python312\Lib\site-packages\django\core\checks\messages.py first seen with mtime 1743408228.6415255
File C:\Users\islam\AppData\Local\Programs\Python\Python312\Lib\site-packages\django\core\handlers\__init__.py first seen with mtime 1743408228.6755273
File C:\Users\islam\AppData\Local\Programs\Python\Python312\Lib\site-packages\django\utils\__init__.py first seen with mtime 1743408229.1495595
File C:\Users\islam\AppData\Local\Programs\Python\Python312\Lib\site-packages\django\db\backends\sqlite3\creation.py first seen with mtime 1743408228.8405378
File C:\Users\islam\AppData\Local\Programs\Python\Python312\Lib\site-packages\django\core\mail\utils.py first seen with mtime 1743408228.685526
File C:\Users\islam\AppData\Local\Programs\Python\Python312\Lib\site-packages\django\db\backends\base\validation.py first seen with mtime 1743408228.7795327
File C:\Users\islam\AppData\Local\Programs\Python\Python312\Lib\site-packages\django\db\models\functions\window.py first seen with mtime 1743408228.9235451
File C:\Users\islam\AppData\Local\Programs\Python\Python312\Lib\email\mime\__init__.py first seen with mtime 1712663418.0
File C:\Users\islam\AppData\Local\Programs\Python\Python312\DLLs\_ssl.pyd first seen with mtime 1712663462.0
File C:\Users\islam\AppData\Local\Programs\Python\Python312\Lib\site-packages\django\contrib\__init__.py first seen with mtime 1743408222.222162
File C:\Users\islam\AppData\Local\Programs\Python\Python312\Lib\glob.py first seen with mtime 1712663418.0
File C:\Users\islam\AppData\Local\Programs\Python\Python312\Lib\site-packages\django\contrib\staticfiles\views.py first seen with mtime 1743408228.5995204
File C:\Users\islam\AppData\Local\Programs\Python\Python312\Lib\site-packages\asgiref\local.py first seen with mtime 1743408220.2800174
File C:\Users\islam\AppData\Local\Programs\Python\Python312\Lib\site-packages\django\db\models\functions\datetime.py first seen with mtime 1743408228.9165428
File C:\Users\islam\AppData\Local\Programs\Python\Python312\Lib\site-packages\django\utils\numberformat.py first seen with mtime 1743408229.1905637
File C:\Users\islam\AppData\Local\Programs\Python\Python312\Lib\sysconfig.py first seen with mtime 1712663418.0
File C:\Users\islam\AppData\Local\Programs\Python\Python312\Lib\site-packages\django\core\files\storage\base.py first seen with mtime 1743408228.6695256
File C:\Users\islam\AppData\Local\Programs\Python\Python312\Lib\difflib.py first seen with mtime 1712663418.0
File C:\Users\islam\AppData\Local\Programs\Python\Python312\Lib\site-packages\django\urls\base.py first seen with mtime 1743408229.1425629
File C:\Users\islam\AppData\Local\Programs\Python\Python312\Lib\numbers.py first seen with mtime 1712663418.0
File C:\Users\islam\AppData\Local\Programs\Python\Python312\Lib\site-packages\sqlparse\filters\output.py first seen with mtime 1743408218.6968994
File C:\Users\islam\AppData\Local\Programs\Python\Python312\Lib\email\contentmanager.py first seen with mtime 1712663418.0
File C:\Users\islam\AppData\Local\Programs\Python\Python312\Lib\site-packages\django\db\backends\base\schema.py first seen with mtime 1743408228.7785337
File C:\Users\islam\AppData\Local\Programs\Python\Python312\Lib\site-packages\django\utils\datastructures.py first seen with mtime 1743408229.1615603
File C:\Users\islam\AppData\Local\Programs\Python\Python312\Lib\random.py first seen with mtime 1712663418.0
File C:\Users\islam\AppData\Local\Programs\Python\Python312\Lib\site-packages\django\contrib\auth\forms.py first seen with mtime 1743408224.3053145
File C:\Users\islam\AppData\Local\Programs\Python\Python312\Lib\site-packages\django\core\__init__.py first seen with mtime 1743408228.6115203
File C:\Users\islam\AppData\Local\Programs\Python\Python312\Lib\site-packages\django\urls\exceptions.py first seen with mtime 1743408229.146562
File C:\Users\islam\AppData\Local\Programs\Python\Python312\Lib\site-packages\django\core\serializers\base.py first seen with mtime 1743408228.7405324
File C:\Users\islam\AppData\Local\Programs\Python\Python312\Lib\email\_header_value_parser.py first seen with mtime 1712663418.0
File C:\Users\islam\AppData\Local\Programs\Python\Python312\Lib\site-packages\django\utils\timezone.py first seen with mtime 1743408229.1995642
File C:\Users\islam\AppData\Local\Programs\Python\Python312\Lib\site-packages\django\utils\tree.py first seen with mtime 1743408229.2005672
File C:\Users\islam\AppData\Local\Programs\Python\Python312\Lib\site-packages\django\views\generic\detail.py first seen with mtime 1743408229.2365658
File C:\Users\islam\AppData\Local\Programs\Python\Python312\DLLs\_lzma.pyd first seen with mtime 1712663462.0
File C:\Users\islam\AppData\Local\Programs\Python\Python312\Lib\site-packages\django\middleware\security.py first seen with mtime 1743408229.083557
File C:\Users\islam\AppData\Local\Programs\Python\Python312\Lib\textwrap.py first seen with mtime 1712663418.0
File C:\Users\islam\AppData\Local\Programs\Python\Python312\Lib\site-packages\django\apps\registry.py first seen with mtime 1743408221.1500816
File C:\Users\islam\AppData\Local\Programs\Python\Python312\Lib\site-packages\django\template\autoreload.py first seen with mtime 1743408229.0865552
File C:\Users\islam\AppData\Local\Programs\Python\Python312\Lib\site-packages\django\utils\regex_helper.py first seen with mtime 1743408229.1915636
File C:\Users\islam\AppData\Local\Programs\Python\Python312\Lib\site-packages\django\db\backends\signals.py first seen with mtime 1743408228.761531
File C:\Users\islam\AppData\Local\Programs\Python\Python312\Lib\email\base64mime.py first seen with mtime 1712663418.0
File C:\Users\islam\AppData\Local\Programs\Python\Python312\Lib\site-packages\asgiref\current_thread_executor.py first seen with mtime 1743408220.2770169
File C:\Users\islam\AppData\Local\Programs\Python\Python312\Lib\site-packages\django\views\i18n.py first seen with mtime 1743408229.2165663
File C:\Users\islam\AppData\Local\Programs\Python\Python312\Lib\site-packages\django\views\debug.py first seen with mtime 1743408229.2135637
File C:\Users\islam\AppData\Local\Programs\Python\Python312\Lib\locale.py first seen with mtime 1712663418.0
File C:\Users\islam\AppData\Local\Programs\Python\Python312\Lib\asyncio\exceptions.py first seen with mtime 1712663418.0
File C:\Users\islam\AppData\Local\Programs\Python\Python312\Lib\collections\__init__.py first seen with mtime 1712663418.0
File C:\Users\islam\AppData\Local\Programs\Python\Python312\Lib\asyncio\tasks.py first seen with mtime 1712663418.0
File C:\Users\islam\AppData\Local\Programs\Python\Python312\Lib\site-packages\django\forms\utils.py first seen with mtime 1743408228.9485452
File C:\Users\islam\AppData\Local\Programs\Python\Python312\Lib\site-packages\django\db\backends\sqlite3\operations.py first seen with mtime 1743408228.8445392
File C:\Users\islam\AppData\Local\Programs\Python\Python312\Lib\multiprocessing\process.py first seen with mtime 1712663418.0
File C:\Users\islam\AppData\Local\Programs\Python\Python312\Lib\site-packages\django\contrib\admin\views\autocomplete.py first seen with mtime 1743408223.830284
File C:\Users\islam\AppData\Local\Programs\Python\Python312\Lib\site-packages\django\core\files\move.py first seen with mtime 1743408228.6615245
File C:\Users\islam\AppData\Local\Programs\Python\Python312\Lib\site-packages\django\utils\duration.py first seen with mtime 1743408229.1705618
File C:\Users\islam\AppData\Local\Programs\Python\Python312\Lib\site-packages\django\db\models\fields\mixins.py first seen with mtime 1743408228.9045427
File C:\Users\islam\AppData\Local\Programs\Python\Python312\Lib\site-packages\django\dispatch\dispatcher.py first seen with mtime 1743408228.9365437
File C:\Users\islam\AppData\Local\Programs\Python\Python312\DLLs\_uuid.pyd first seen with mtime 1712663462.0
File C:\Users\islam\AppData\Local\Programs\Python\Python312\Lib\operator.py first seen with mtime 1712663418.0
File C:\Users\islam\AppData\Local\Programs\Python\Python312\Lib\json\__init__.py first seen with mtime 1712663418.0
File C:\Users\islam\AppData\Local\Programs\Python\Python312\Lib\site-packages\django\contrib\staticfiles\management\commands\runserver.py first seen with mtime 1743408228.6055214
File C:\Users\islam\AppData\Local\Programs\Python\Python312\Lib\heapq.py first seen with mtime 1712663418.0
File C:\Users\islam\AppData\Local\Programs\Python\Python312\Lib\site-packages\sqlparse\tokens.py first seen with mtime 1743408218.6848986
File C:\Users\islam\AppData\Local\Programs\Python\Python312\Lib\email\iterators.py first seen with mtime 1712663418.0
File C:\Users\islam\AppData\Local\Programs\Python\Python312\Lib\asyncio\timeouts.py first seen with mtime 1712663418.0
File C:\Users\islam\AppData\Local\Programs\Python\Python312\Lib\site-packages\django\db\models\sql\subqueries.py first seen with mtime 1743408228.9325452
File C:\Users\islam\AppData\Local\Programs\Python\Python312\Lib\json\decoder.py first seen with mtime 1712663418.0
File C:\Users\islam\AppData\Local\Programs\Python\Python312\Lib\site-packages\django\forms\fields.py first seen with mtime 1743408228.942546
File C:\Users\islam\AppData\Local\Programs\Python\Python312\Lib\email\header.py first seen with mtime 1712663418.0
File C:\Users\islam\AppData\Local\Programs\Python\Python312\Lib\site-packages\django\core\signals.py first seen with mtime 1743408228.616521
File C:\Users\islam\AppData\Local\Programs\Python\Python312\Lib\site-packages\django\core\mail\__init__.py first seen with mtime 1743408228.6825268
File C:\Users\islam\AppData\Local\Programs\Python\Python312\Lib\site-packages\django\db\migrations\migration.py first seen with mtime 1743408228.8565392
File C:\Users\islam\AppData\Local\Programs\Python\Python312\Lib\site-packages\django\core\checks\security\base.py first seen with mtime 1743408228.6525252
File C:\Users\islam\AppData\Local\Programs\Python\Python312\Lib\logging\__init__.py first seen with mtime 1712663418.0
File C:\Users\islam\AppData\Local\Programs\Python\Python312\Lib\wsgiref\headers.py first seen with mtime 1712663418.0
File C:\Users\islam\AppData\Local\Programs\Python\Python312\Lib\copyreg.py first seen with mtime 1712663418.0
File C:\Users\islam\AppData\Local\Programs\Python\Python312\Lib\site-packages\django\contrib\admin\actions.py first seen with mtime 1743408222.2301607
File C:\Users\islam\AppData\Local\Programs\Python\Python312\Lib\site-packages\django\contrib\sessions\apps.py first seen with mtime 1743408227.8034592
File C:\Users\islam\AppData\Local\Programs\Python\Python312\Lib\site-packages\django\db\backends\sqlite3\__init__.py first seen with mtime 1743408228.8345375
File C:\Users\islam\AppData\Local\Programs\Python\Python312\Lib\site-packages\django\forms\widgets.py first seen with mtime 1743408228.9505453
File C:\Users\islam\AppData\Local\Programs\Python\Python312\Lib\site-packages\django\contrib\admin\checks.py first seen with mtime 1743408222.2371619
File C:\Users\islam\AppData\Local\Programs\Python\Python312\Lib\site-packages\django\contrib\admin\decorators.py first seen with mtime 1743408222.241164
File C:\Users\islam\AppData\Local\Programs\Python\Python312\Lib\site-packages\asgiref\sync.py first seen with mtime 1743408220.288018
File C:\Users\islam\AppData\Local\Programs\Python\Python312\Lib\site-packages\django\forms\forms.py first seen with mtime 1743408228.9435456
File C:\Users\islam\AppData\Local\Programs\Python\Python312\Lib\platform.py first seen with mtime 1712663418.0
File C:\Users\islam\AppData\Local\Programs\Python\Python312\Lib\http\server.py first seen with mtime 1712663418.0
File C:\Users\islam\AppData\Local\Programs\Python\Python312\Lib\site-packages\django\urls\resolvers.py first seen with mtime 1743408229.1475608
File C:\Users\islam\AppData\Local\Programs\Python\Python312\DLLs\_hashlib.pyd first seen with mtime 1712663462.0
File C:\Users\islam\AppData\Local\Programs\Python\Python312\Lib\site-packages\django\contrib\auth\base_user.py first seen with mtime 1743408224.2983139
File C:\Users\islam\AppData\Local\Programs\Python\Python312\Lib\site-packages\django\forms\__init__.py first seen with mtime 1743408228.9395452
File C:\Users\islam\AppData\Local\Programs\Python\Python312\Lib\site-packages\django\db\models\fields\generated.py first seen with mtime 1743408228.901542
File C:\Users\islam\AppData\Local\Programs\Python\Python312\Lib\site-packages\django\utils\timesince.py first seen with mtime 1743408229.1975646
File C:\Users\islam\AppData\Local\Programs\Python\Python312\Lib\site-packages\django\urls\utils.py first seen with mtime 1743408229.1485631
File C:\Users\islam\AppData\Local\Programs\Python\Python312\Lib\inspect.py first seen with mtime 1712663418.0
File C:\Users\islam\AppData\Local\Programs\Python\Python312\Lib\site-packages\django\db\migrations\state.py first seen with mtime 1743408228.8625405
File C:\Users\islam\AppData\Local\Programs\Python\Python312\Lib\site-packages\django\template\backends\base.py first seen with mtime 1743408229.1065593
File C:\Users\islam\AppData\Local\Programs\Python\Python312\Lib\site-packages\sqlparse\filters\others.py first seen with mtime 1743408218.6958985
File C:\Users\islam\AppData\Local\Programs\Python\Python312\Lib\typing.py first seen with mtime 1712663418.0
File C:\Users\islam\AppData\Local\Programs\Python\Python312\Lib\site-packages\django\core\files\__init__.py first seen with mtime 1743408228.656528
File C:\Users\islam\AppData\Local\Programs\Python\Python312\Lib\site-packages\django\utils\text.py first seen with mtime 1743408229.1965642
File C:\Users\islam\AppData\Local\Programs\Python\Python312\Lib\site-packages\django\core\cache\__init__.py first seen with mtime 1743408228.6215217
File C:\Users\islam\AppData\Local\Programs\Python\Python312\Lib\encodings\aliases.py first seen with mtime 1712663418.0
File C:\Users\islam\AppData\Local\Programs\Python\Python312\Lib\site-packages\django\contrib\messages\utils.py first seen with mtime 1743408227.088531
File C:\Users\islam\PycharmProjects\bannedgram_islam\banned_gram\core\templates\base.html first seen with mtime 1744660372.7889013
File C:\Users\islam\PycharmProjects\bannedgram_islam\banned_gram\core\templates\core first seen with mtime 1744655454.155977
File C:\Users\islam\PycharmProjects\bannedgram_islam\banned_gram\core\templates\includes first seen with mtime 1744660430.488662
File C:\Users\islam\PycharmProjects\bannedgram_islam\banned_gram\core\templates\registration first seen with mtime 1744660402.9770925
File C:\Users\islam\PycharmProjects\bannedgram_islam\banned_gram\core\templates\core\feed.html first seen with mtime 1744655454.148978
File C:\Users\islam\PycharmProjects\bannedgram_islam\banned_gram\core\templates\core\profile.html first seen with mtime 1744655454.2019856
File C:\Users\islam\PycharmProjects\bannedgram_islam\banned_gram\core\templates\includes\footer.html first seen with mtime 1744660430.4876633
File C:\Users\islam\PycharmProjects\bannedgram_islam\banned_gram\core\templates\includes\header.html first seen with mtime 1744660382.284418
File C:\Users\islam\PycharmProjects\bannedgram_islam\banned_gram\core\templates\includes\messages.html first seen with mtime 1744660417.3099883
File C:\Users\islam\PycharmProjects\bannedgram_islam\banned_gram\core\templates\registration\login.html first seen with mtime 1744660392.6472106
File C:\Users\islam\PycharmProjects\bannedgram_islam\banned_gram\core\templates\registration\signup.html first seen with mtime 1744660402.976092
"GET / HTTP/1.1" 302 0
File C:\Users\islam\AppData\Local\Programs\Python\Python312\Lib\site-packages\django\contrib\admin\migrations\0003_logentry_add_action_flag_choices.py first seen with mtime 1743408223.4752555
File C:\Users\islam\AppData\Local\Programs\Python\Python312\Lib\site-packages\PIL\_util.py first seen with mtime 1743408393.3082068
File C:\Users\islam\AppData\Local\Programs\Python\Python312\Lib\encodings\idna.py first seen with mtime 1712663418.0
File C:\Users\islam\AppData\Local\Programs\Python\Python312\Lib\site-packages\django\contrib\auth\migrations\0001_initial.py first seen with mtime 1743408224.7873495
File C:\Users\islam\AppData\Local\Programs\Python\Python312\Lib\site-packages\PIL\ExifTags.py first seen with mtime 1743408393.148193
File C:\Users\islam\AppData\Local\Programs\Python\Python312\Lib\site-packages\django\contrib\messages\storage\fallback.py first seen with mtime 1743408227.0965214
File C:\Users\islam\AppData\Local\Programs\Python\Python312\Lib\site-packages\django\contrib\admin\migrations\0002_logentry_remove_auto_add.py first seen with mtime 1743408223.471256
File C:\Users\islam\AppData\Local\Programs\Python\Python312\Lib\site-packages\PIL\_version.py first seen with mtime 1743408393.3092074
File C:\Users\islam\AppData\Local\Programs\Python\Python312\Lib\site-packages\django\contrib\auth\migrations\0012_alter_user_first_name_max_length.py first seen with mtime 1743408224.8043516
File C:\Users\islam\AppData\Local\Programs\Python\Python312\Lib\site-packages\PIL\TiffTags.py first seen with mtime 1743408393.2472
Internal Server Error: /accounts/login/
Traceback (most recent call last):
  File "C:\Users\islam\AppData\Local\Programs\Python\Python312\Lib\site-packages\django\core\handlers\exception.py", line 55, in inner
    response = get_response(request)
               ^^^^^^^^^^^^^^^^^^^^^
  File "C:\Users\islam\AppData\Local\Programs\Python\Python312\Lib\site-packages\django\core\handlers\base.py", line 220, in _get_response
    response = response.render()
               ^^^^^^^^^^^^^^^^^
  File "C:\Users\islam\AppData\Local\Programs\Python\Python312\Lib\site-packages\django\template\response.py", line 114, in render
    self.content = self.rendered_content
                   ^^^^^^^^^^^^^^^^^^^^^
  File "C:\Users\islam\AppData\Local\Programs\Python\Python312\Lib\site-packages\django\template\response.py", line 92, in rendered_content
    return template.render(context, self._request)
           ^^^^^^^^^^^^^^^^^^^^^^^^^^^^^^^^^^^^^^^
  File "C:\Users\islam\AppData\Local\Programs\Python\Python312\Lib\site-packages\django\template\backends\django.py", line 107, in render
    return self.template.render(context)
           ^^^^^^^^^^^^^^^^^^^^^^^^^^^^^
  File "C:\Users\islam\AppData\Local\Programs\Python\Python312\Lib\site-packages\django\template\base.py", line 171, in render
    return self._render(context)
           ^^^^^^^^^^^^^^^^^^^^^
  File "C:\Users\islam\AppData\Local\Programs\Python\Python312\Lib\site-packages\django\template\base.py", line 163, in _render
    return self.nodelist.render(context)
           ^^^^^^^^^^^^^^^^^^^^^^^^^^^^^
  File "C:\Users\islam\AppData\Local\Programs\Python\Python312\Lib\site-packages\django\template\base.py", line 1008, in render
    return SafeString("".join([node.render_annotated(context) for node in self]))
                               ^^^^^^^^^^^^^^^^^^^^^^^^^^^^^^
  File "C:\Users\islam\AppData\Local\Programs\Python\Python312\Lib\site-packages\django\template\base.py", line 969, in render_annotated
    return self.render(context)
           ^^^^^^^^^^^^^^^^^^^^
  File "C:\Users\islam\AppData\Local\Programs\Python\Python312\Lib\site-packages\django\template\loader_tags.py", line 159, in render
    return compiled_parent._render(context)
           ^^^^^^^^^^^^^^^^^^^^^^^^^^^^^^^^
  File "C:\Users\islam\AppData\Local\Programs\Python\Python312\Lib\site-packages\django\template\base.py", line 163, in _render
    return self.nodelist.render(context)
           ^^^^^^^^^^^^^^^^^^^^^^^^^^^^^
  File "C:\Users\islam\AppData\Local\Programs\Python\Python312\Lib\site-packages\django\template\base.py", line 1008, in render
    return SafeString("".join([node.render_annotated(context) for node in self]))
                               ^^^^^^^^^^^^^^^^^^^^^^^^^^^^^^
  File "C:\Users\islam\AppData\Local\Programs\Python\Python312\Lib\site-packages\django\template\base.py", line 969, in render_annotated
    return self.render(context)
           ^^^^^^^^^^^^^^^^^^^^
  File "C:\Users\islam\AppData\Local\Programs\Python\Python312\Lib\site-packages\django\template\loader_tags.py", line 210, in render
    return template.render(context)
           ^^^^^^^^^^^^^^^^^^^^^^^^
  File "C:\Users\islam\AppData\Local\Programs\Python\Python312\Lib\site-packages\django\template\base.py", line 173, in render
    return self._render(context)
           ^^^^^^^^^^^^^^^^^^^^^
  File "C:\Users\islam\AppData\Local\Programs\Python\Python312\Lib\site-packages\django\template\base.py", line 163, in _render
    return self.nodelist.render(context)
           ^^^^^^^^^^^^^^^^^^^^^^^^^^^^^
  File "C:\Users\islam\AppData\Local\Programs\Python\Python312\Lib\site-packages\django\template\base.py", line 1008, in render
    return SafeString("".join([node.render_annotated(context) for node in self]))
                               ^^^^^^^^^^^^^^^^^^^^^^^^^^^^^^
  File "C:\Users\islam\AppData\Local\Programs\Python\Python312\Lib\site-packages\django\template\base.py", line 969, in render_annotated
    return self.render(context)
           ^^^^^^^^^^^^^^^^^^^^
  File "C:\Users\islam\AppData\Local\Programs\Python\Python312\Lib\site-packages\django\template\defaulttags.py", line 480, in render
    url = reverse(view_name, args=args, kwargs=kwargs, current_app=current_app)
          ^^^^^^^^^^^^^^^^^^^^^^^^^^^^^^^^^^^^^^^^^^^^^^^^^^^^^^^^^^^^^^^^^^^^^
  File "C:\Users\islam\AppData\Local\Programs\Python\Python312\Lib\site-packages\django\urls\base.py", line 88, in reverse
    return resolver._reverse_with_prefix(view, prefix, *args, **kwargs)
           ^^^^^^^^^^^^^^^^^^^^^^^^^^^^^^^^^^^^^^^^^^^^^^^^^^^^^^^^^^^^
  File "C:\Users\islam\AppData\Local\Programs\Python\Python312\Lib\site-packages\django\urls\resolvers.py", line 831, in _reverse_with_prefix
    raise NoReverseMatch(msg)
django.urls.exceptions.NoReverseMatch: Reverse for 'home' not found. 'home' is not a valid view function or pattern name.
File C:\Users\islam\AppData\Local\Programs\Python\Python312\Lib\site-packages\django\contrib\auth\migrations\0011_update_proxy_permissions.py first seen with mtime 1743408224.802353
"GET /accounts/login/?next=/ HTTP/1.1" 500 154784
File C:\Users\islam\AppData\Local\Programs\Python\Python312\Lib\site-packages\django\contrib\auth\migrations\__init__.py first seen with mtime 1743408224.8063512
File C:\Users\islam\AppData\Local\Programs\Python\Python312\Lib\site-packages\django\contrib\sessions\migrations\__init__.py first seen with mtime 1743408228.1824882
File C:\Users\islam\AppData\Local\Programs\Python\Python312\Lib\site-packages\django\contrib\messages\storage\cookie.py first seen with mtime 1743408227.0945213
File C:\Users\islam\AppData\Local\Programs\Python\Python312\Lib\site-packages\django\contrib\auth\migrations\0006_require_contenttypes_0002.py first seen with mtime 1743408224.7943504
File C:\Users\islam\AppData\Local\Programs\Python\Python312\Lib\site-packages\PIL\ImageMode.py first seen with mtime 1743408393.1891959
File C:\Users\islam\AppData\Local\Programs\Python\Python312\Lib\site-packages\django\contrib\auth\migrations\0007_alter_validators_add_error_messages.py first seen with mtime 1743408224.796352
File C:\Users\islam\AppData\Local\Programs\Python\Python312\Lib\site-packages\django\contrib\auth\migrations\0008_alter_user_username_max_length.py first seen with mtime 1743408224.7983503
File C:\Users\islam\AppData\Local\Programs\Python\Python312\Lib\site-packages\django\contrib\auth\context_processors.py first seen with mtime 1743408224.3023164
File C:\Users\islam\AppData\Local\Programs\Python\Python312\Lib\site-packages\django\contrib\auth\migrations\0010_alter_group_name_max_length.py first seen with mtime 1743408224.8013506
File C:\Users\islam\AppData\Local\Programs\Python\Python312\Lib\__future__.py first seen with mtime 1712663418.0
File C:\Users\islam\AppData\Local\Programs\Python\Python312\Lib\site-packages\django\contrib\contenttypes\migrations\0002_remove_content_type_name.py first seen with mtime 1743408225.4613998
File C:\Users\islam\AppData\Local\Programs\Python\Python312\Lib\site-packages\django\contrib\auth\migrations\0005_alter_user_last_login_null.py first seen with mtime 1743408224.7933512
File C:\Users\islam\AppData\Local\Programs\Python\Python312\Lib\site-packages\django\contrib\contenttypes\migrations\0001_initial.py first seen with mtime 1743408225.4594011
File C:\Users\islam\AppData\Local\Programs\Python\Python312\Lib\site-packages\django\middleware\clickjacking.py first seen with mtime 1743408229.0765545
File C:\Users\islam\AppData\Local\Programs\Python\Python312\Lib\site-packages\PIL\Image.py first seen with mtime 1743408393.1712034
File C:\Users\islam\AppData\Local\Programs\Python\Python312\Lib\site-packages\django\contrib\messages\middleware.py first seen with mtime 1743408227.0845206
File C:\Users\islam\AppData\Local\Programs\Python\Python312\Lib\site-packages\django\db\migrations\executor.py first seen with mtime 1743408228.8525388
File C:\Users\islam\AppData\Local\Programs\Python\Python312\Lib\site-packages\django\contrib\sessions\backends\db.py first seen with mtime 1743408227.816461
File C:\Users\islam\AppData\Local\Programs\Python\Python312\Lib\site-packages\django\contrib\messages\context_processors.py first seen with mtime 1743408227.0825186
File C:\Users\islam\AppData\Local\Programs\Python\Python312\Lib\site-packages\django\contrib\auth\migrations\0003_alter_user_email_max_length.py first seen with mtime 1743408224.7893498
File C:\Users\islam\AppData\Local\Programs\Python\Python312\Lib\site-packages\django\db\migrations\recorder.py first seen with mtime 1743408228.8595407
File C:\Users\islam\AppData\Local\Programs\Python\Python312\Lib\site-packages\django\db\models\sql\compiler.py first seen with mtime 1743408228.9265442
File C:\Users\islam\AppData\Local\Programs\Python\Python312\Lib\site-packages\django\contrib\auth\migrations\0002_alter_permission_name_max_length.py first seen with mtime 1743408224.78835
File C:\Users\islam\AppData\Local\Programs\Python\Python312\Lib\site-packages\PIL\__init__.py first seen with mtime 1743408393.2572017
File C:\Users\islam\AppData\Local\Programs\Python\Python312\Lib\site-packages\PIL\_binary.py first seen with mtime 1743408393.259204
File C:\Users\islam\AppData\Local\Programs\Python\Python312\Lib\site-packages\django\contrib\auth\migrations\0004_alter_user_username_opts.py first seen with mtime 1743408224.7913508
File C:\Users\islam\AppData\Local\Programs\Python\Python312\Lib\site-packages\django\contrib\messages\storage\session.py first seen with mtime 1743408227.097521
File C:\Users\islam\PycharmProjects\bannedgram_islam\banned_gram\banned_gram\wsgi.py first seen with mtime 1744655453.6479392
File C:\Users\islam\AppData\Local\Programs\Python\Python312\Lib\site-packages\django\template\context_processors.py first seen with mtime 1743408229.0905547
File C:\Users\islam\AppData\Local\Programs\Python\Python312\Lib\site-packages\django\contrib\sessions\serializers.py first seen with mtime 1743408227.8104615
File C:\Users\islam\AppData\Local\Programs\Python\Python312\Lib\site-packages\django\contrib\sessions\migrations\0001_initial.py first seen with mtime 1743408228.1814902
File C:\Users\islam\AppData\Local\Programs\Python\Python312\Lib\site-packages\django\core\cache\backends\locmem.py first seen with mtime 1743408228.6305237
File C:\Users\islam\AppData\Local\Programs\Python\Python312\Lib\site-packages\django\contrib\admin\migrations\__init__.py first seen with mtime 1743408223.4762564
File C:\Users\islam\AppData\Local\Programs\Python\Python312\Lib\site-packages\django\contrib\contenttypes\migrations\__init__.py first seen with mtime 1743408225.4624
File C:\Users\islam\AppData\Local\Programs\Python\Python312\Lib\site-packages\PIL\_typing.py first seen with mtime 1743408393.307207
File C:\Users\islam\AppData\Local\Programs\Python\Python312\Lib\site-packages\django\db\migrations\graph.py first seen with mtime 1743408228.8535376
File C:\Users\islam\AppData\Local\Programs\Python\Python312\Lib\site-packages\PIL\_imaging.cp312-win_amd64.pyd first seen with mtime 1743408393.2752004
File C:\Users\islam\PycharmProjects\bannedgram_islam\banned_gram\core\migrations\0001_initial.py first seen with mtime 1744655454.0549693
File C:\Users\islam\AppData\Local\Programs\Python\Python312\Lib\site-packages\django\contrib\admin\migrations\0001_initial.py first seen with mtime 1743408223.469253
File C:\Users\islam\AppData\Local\Programs\Python\Python312\Lib\site-packages\django\contrib\auth\migrations\0009_alter_user_last_name_max_length.py first seen with mtime 1743408224.7993531
File C:\Users\islam\AppData\Local\Programs\Python\Python312\Lib\site-packages\django\db\migrations\loader.py first seen with mtime 1743408228.8545396
File C:\Users\islam\PycharmProjects\bannedgram_islam\banned_gram\core\migrations\__init__.py first seen with mtime 1744655454.0889738
File C:\Users\islam\AppData\Local\Programs\Python\Python312\Lib\stringprep.py first seen with mtime 1712663418.0
File C:\Users\islam\PycharmProjects\bannedgram_islam\banned_gram\core\migrations\0002_chat_comment_message_like.py first seen with mtime 1744660462.7805064
File C:\Users\islam\AppData\Local\Programs\Python\Python312\Lib\site-packages\django\middleware\common.py first seen with mtime 1743408229.0775554
File C:\Users\islam\AppData\Local\Programs\Python\Python312\Lib\site-packages\PIL\_deprecate.py first seen with mtime 1743408393.2602022
File C:\Users\islam\AppData\Local\Programs\Python\Python312\Lib\importlib\resources\readers.py first seen with mtime 1712663418.0
File C:\Users\islam\AppData\Local\Programs\Python\Python312\Lib\importlib\resources\__init__.py first seen with mtime 1712663418.0
File C:\Users\islam\AppData\Local\Programs\Python\Python312\Lib\importlib\resources\_itertools.py first seen with mtime 1712663418.0
File C:\Users\islam\AppData\Local\Programs\Python\Python312\Lib\site-packages\django\conf\locale\en\__init__.py first seen with mtime 1743408221.3720977
File C:\Users\islam\AppData\Local\Programs\Python\Python312\Lib\importlib\readers.py first seen with mtime 1712663418.0
File C:\Users\islam\AppData\Local\Programs\Python\Python312\Lib\zipfile\_path\glob.py first seen with mtime 1712663418.0
File C:\Users\islam\AppData\Local\Programs\Python\Python312\Lib\importlib\resources\_adapters.py first seen with mtime 1712663418.0
File C:\Users\islam\AppData\Local\Programs\Python\Python312\Lib\importlib\resources\_common.py first seen with mtime 1712663418.0
File C:\Users\islam\AppData\Local\Programs\Python\Python312\Lib\site-packages\tzdata\zoneinfo\__init__.py first seen with mtime 1743408217.7808309
File C:\Users\islam\AppData\Local\Programs\Python\Python312\Lib\zipfile\_path\__init__.py first seen with mtime 1712663418.0
File C:\Users\islam\AppData\Local\Programs\Python\Python312\Lib\site-packages\django\conf\locale\en\formats.py first seen with mtime 1743408221.3740993
File C:\Users\islam\AppData\Local\Programs\Python\Python312\Lib\importlib\resources\abc.py first seen with mtime 1712663418.0
File C:\Users\islam\AppData\Local\Programs\Python\Python312\Lib\zipfile\__init__.py first seen with mtime 1712663418.0
File C:\Users\islam\AppData\Local\Programs\Python\Python312\Lib\site-packages\tzdata\__init__.py first seen with mtime 1743408217.7228322
File C:\Users\islam\AppData\Local\Programs\Python\Python312\Lib\importlib\resources\_legacy.py first seen with mtime 1712663418.0
